{"meta": {"format": 3, "version": "7.9.2", "timestamp": "2025-07-16T23:19:36.035607", "branch_coverage": true, "show_contexts": true}, "files": {"scripts/academic_research.py": {"executed_lines": [], "summary": {"covered_lines": 0, "num_statements": 161, "percent_covered": 0.0, "percent_covered_display": "0.0", "missing_lines": 161, "excluded_lines": 7, "num_branches": 38, "num_partial_branches": 0, "covered_branches": 0, "missing_branches": 38}, "missing_lines": [8, 9, 10, 11, 12, 13, 15, 18, 19, 20, 26, 28, 29, 30, 35, 37, 39, 40, 43, 45, 47, 50, 52, 53, 54, 56, 57, 60, 61, 62, 63, 65, 68, 69, 72, 73, 75, 76, 77, 78, 79, 90, 93, 94, 96, 98, 99, 102, 104, 106, 109, 111, 112, 113, 115, 116, 119, 120, 121, 122, 124, 127, 128, 131, 132, 134, 135, 136, 137, 138, 151, 154, 155, 157, 159, 160, 163, 165, 167, 170, 172, 174, 175, 176, 178, 179, 180, 181, 183, 184, 187, 189, 190, 191, 193, 234, 237, 239, 240, 241, 244, 245, 246, 248, 250, 252, 253, 254, 259, 262, 263, 264, 265, 266, 267, 269, 270, 272, 273, 276, 278, 281, 284, 291, 294, 297, 299, 302, 303, 304, 307, 309, 310, 311, 312, 313, 315, 317, 319, 320, 322, 323, 327, 330, 331, 332, 333, 334, 337, 338, 339, 340, 341, 342, 343, 345, 347, 348, 349, 350, 351], "excluded_lines": [21, 22, 23, 31, 32, 354, 355], "contexts": {}, "executed_branches": [], "missing_branches": [[61, 62], [61, 65], [72, 73], [72, 96], [76, 77], [76, 96], [77, 76], [77, 78], [93, 76], [93, 94], [120, 121], [120, 124], [131, 132], [131, 157], [135, 136], [135, 157], [136, 135], [136, 137], [154, 135], [154, 155], [174, 175], [174, 178], [178, 179], [178, 180], [180, 181], [180, 183], [239, 240], [239, 244], [250, 252], [250, 272], [302, 303], [302, 307], [319, 320], [319, 345], [320, 322], [320, 327], [337, -276], [337, 338]], "functions": {"load_config": {"executed_lines": [], "summary": {"covered_lines": 0, "num_statements": 3, "percent_covered": 0.0, "percent_covered_display": "0.0", "missing_lines": 3, "excluded_lines": 2, "num_branches": 0, "num_partial_branches": 0, "covered_branches": 0, "missing_branches": 0}, "missing_lines": [28, 29, 30], "excluded_lines": [31, 32], "contexts": {}, "executed_branches": [], "missing_branches": []}, "slugify": {"executed_lines": [], "summary": {"covered_lines": 0, "num_statements": 3, "percent_covered": 0.0, "percent_covered_display": "0.0", "missing_lines": 3, "excluded_lines": 0, "num_branches": 0, "num_partial_branches": 0, "covered_branches": 0, "missing_branches": 0}, "missing_lines": [37, 39, 40], "excluded_lines": [], "contexts": {}, "executed_branches": [], "missing_branches": []}, "generate_content_hash": {"executed_lines": [], "summary": {"covered_lines": 0, "num_statements": 2, "percent_covered": 0.0, "percent_covered_display": "0.0", "missing_lines": 2, "excluded_lines": 0, "num_branches": 0, "num_partial_branches": 0, "covered_branches": 0, "missing_branches": 0}, "missing_lines": [45, 47], "excluded_lines": [], "contexts": {}, "executed_branches": [], "missing_branches": []}, "search_arxiv_papers": {"executed_lines": [], "summary": {"covered_lines": 0, "num_statements": 28, "percent_covered": 0.0, "percent_covered_display": "0.0", "missing_lines": 28, "excluded_lines": 0, "num_branches": 10, "num_partial_branches": 0, "covered_branches": 0, "missing_branches": 10}, "missing_lines": [52, 53, 54, 56, 57, 60, 61, 62, 63, 65, 68, 69, 72, 73, 75, 76, 77, 78, 79, 90, 93, 94, 96, 98, 99, 102, 104, 106], "excluded_lines": [], "contexts": {}, "executed_branches": [], "missing_branches": [[61, 62], [61, 65], [72, 73], [72, 96], [76, 77], [76, 96], [77, 76], [77, 78], [93, 76], [93, 94]]}, "search_pubmed_papers": {"executed_lines": [], "summary": {"covered_lines": 0, "num_statements": 28, "percent_covered": 0.0, "percent_covered_display": "0.0", "missing_lines": 28, "excluded_lines": 0, "num_branches": 10, "num_partial_branches": 0, "covered_branches": 0, "missing_branches": 10}, "missing_lines": [111, 112, 113, 115, 116, 119, 120, 121, 122, 124, 127, 128, 131, 132, 134, 135, 136, 137, 138, 151, 154, 155, 157, 159, 160, 163, 165, 167], "excluded_lines": [], "contexts": {}, "executed_branches": [], "missing_branches": [[120, 121], [120, 124], [131, 132], [131, 157], [135, 136], [135, 157], [136, 135], [136, 137], [154, 135], [154, 155]]}, "search_papers": {"executed_lines": [], "summary": {"covered_lines": 0, "num_statements": 10, "percent_covered": 0.0, "percent_covered_display": "0.0", "missing_lines": 10, "excluded_lines": 0, "num_branches": 6, "num_partial_branches": 0, "covered_branches": 0, "missing_branches": 6}, "missing_lines": [172, 174, 175, 176, 178, 179, 180, 181, 183, 184], "excluded_lines": [], "contexts": {}, "executed_branches": [], "missing_branches": [[174, 175], [174, 178], [178, 179], [178, 180], [180, 181], [180, 183]]}, "format_paper_markdown": {"executed_lines": [], "summary": {"covered_lines": 0, "num_statements": 5, "percent_covered": 0.0, "percent_covered_display": "0.0", "missing_lines": 5, "excluded_lines": 0, "num_branches": 0, "num_partial_branches": 0, "covered_branches": 0, "missing_branches": 0}, "missing_lines": [189, 190, 191, 193, 234], "excluded_lines": [], "contexts": {}, "executed_branches": [], "missing_branches": []}, "save_papers": {"executed_lines": [], "summary": {"covered_lines": 0, "num_statements": 22, "percent_covered": 0.0, "percent_covered_display": "0.0", "missing_lines": 22, "excluded_lines": 0, "num_branches": 4, "num_partial_branches": 0, "covered_branches": 0, "missing_branches": 4}, "missing_lines": [239, 240, 241, 244, 245, 246, 248, 250, 252, 253, 254, 259, 262, 263, 264, 265, 266, 267, 269, 270, 272, 273], "excluded_lines": [], "contexts": {}, "executed_branches": [], "missing_branches": [[239, 240], [239, 244], [250, 252], [250, 272]]}, "main": {"executed_lines": [], "summary": {"covered_lines": 0, "num_statements": 41, "percent_covered": 0.0, "percent_covered_display": "0.0", "missing_lines": 41, "excluded_lines": 0, "num_branches": 8, "num_partial_branches": 0, "covered_branches": 0, "missing_branches": 8}, "missing_lines": [278, 281, 284, 291, 294, 297, 299, 302, 303, 304, 307, 309, 310, 311, 312, 313, 315, 317, 319, 320, 322, 323, 327, 330, 331, 332, 333, 334, 337, 338, 339, 340, 341, 342, 343, 345, 347, 348, 349, 350, 351], "excluded_lines": [], "contexts": {}, "executed_branches": [], "missing_branches": [[302, 303], [302, 307], [319, 320], [319, 345], [320, 322], [320, 327], [337, -276], [337, 338]]}, "": {"executed_lines": [], "summary": {"covered_lines": 0, "num_statements": 19, "percent_covered": 0.0, "percent_covered_display": "0.0", "missing_lines": 19, "excluded_lines": 5, "num_branches": 0, "num_partial_branches": 0, "covered_branches": 0, "missing_branches": 0}, "missing_lines": [8, 9, 10, 11, 12, 13, 15, 18, 19, 20, 26, 35, 43, 50, 109, 170, 187, 237, 276], "excluded_lines": [21, 22, 23, 354, 355], "contexts": {}, "executed_branches": [], "missing_branches": []}}, "classes": {"": {"executed_lines": [], "summary": {"covered_lines": 0, "num_statements": 161, "percent_covered": 0.0, "percent_covered_display": "0.0", "missing_lines": 161, "excluded_lines": 7, "num_branches": 38, "num_partial_branches": 0, "covered_branches": 0, "missing_branches": 38}, "missing_lines": [8, 9, 10, 11, 12, 13, 15, 18, 19, 20, 26, 28, 29, 30, 35, 37, 39, 40, 43, 45, 47, 50, 52, 53, 54, 56, 57, 60, 61, 62, 63, 65, 68, 69, 72, 73, 75, 76, 77, 78, 79, 90, 93, 94, 96, 98, 99, 102, 104, 106, 109, 111, 112, 113, 115, 116, 119, 120, 121, 122, 124, 127, 128, 131, 132, 134, 135, 136, 137, 138, 151, 154, 155, 157, 159, 160, 163, 165, 167, 170, 172, 174, 175, 176, 178, 179, 180, 181, 183, 184, 187, 189, 190, 191, 193, 234, 237, 239, 240, 241, 244, 245, 246, 248, 250, 252, 253, 254, 259, 262, 263, 264, 265, 266, 267, 269, 270, 272, 273, 276, 278, 281, 284, 291, 294, 297, 299, 302, 303, 304, 307, 309, 310, 311, 312, 313, 315, 317, 319, 320, 322, 323, 327, 330, 331, 332, 333, 334, 337, 338, 339, 340, 341, 342, 343, 345, 347, 348, 349, 350, 351], "excluded_lines": [21, 22, 23, 31, 32, 354, 355], "contexts": {}, "executed_branches": [], "missing_branches": [[61, 62], [61, 65], [72, 73], [72, 96], [76, 77], [76, 96], [77, 76], [77, 78], [93, 76], [93, 94], [120, 121], [120, 124], [131, 132], [131, 157], [135, 136], [135, 157], [136, 135], [136, 137], [154, 135], [154, 155], [174, 175], [174, 178], [178, 179], [178, 180], [180, 181], [180, 183], [239, 240], [239, 244], [250, 252], [250, 272], [302, 303], [302, 307], [319, 320], [319, 345], [320, 322], [320, 327], [337, -276], [337, 338]]}}}, "scripts/add_test_markers.py": {"executed_lines": [], "summary": {"covered_lines": 0, "num_statements": 98, "percent_covered": 0.0, "percent_covered_display": "0.0", "missing_lines": 98, "excluded_lines": 2, "num_branches": 40, "num_partial_branches": 0, "covered_branches": 0, "missing_branches": 40}, "missing_lines": [7, 8, 9, 12, 28, 42, 45, 46, 47, 48, 50, 52, 53, 56, 57, 58, 61, 62, 65, 66, 67, 69, 71, 73, 75, 76, 77, 79, 81, 83, 84, 87, 88, 89, 90, 92, 93, 94, 95, 96, 98, 99, 101, 103, 105, 106, 107, 110, 111, 112, 113, 114, 117, 120, 121, 123, 124, 125, 127, 128, 129, 131, 133, 134, 137, 139, 141, 142, 143, 144, 146, 148, 150, 152, 153, 154, 155, 156, 157, 159, 160, 161, 162, 163, 165, 166, 167, 168, 171, 173, 175, 176, 177, 179, 180, 181, 183, 184], "excluded_lines": [187, 188], "contexts": {}, "executed_branches": [], "missing_branches": [[56, 57], [56, 61], [57, 56], [57, 58], [61, 62], [61, 65], [65, 66], [65, 69], [75, 76], [75, 79], [76, 75], [76, 77], [87, 88], [87, 92], [93, 94], [93, 98], [101, 103], [101, 120], [103, 105], [103, 110], [105, 106], [105, 107], [110, 111], [110, 117], [112, 113], [112, 114], [142, 143], [142, 146], [143, 142], [143, 144], [159, 160], [159, 165], [161, 162], [161, 165], [165, -148], [165, 166], [167, -148], [167, 168], [175, 176], [175, 179]], "functions": {"TestMarkerAdder.__init__": {"executed_lines": [], "summary": {"covered_lines": 0, "num_statements": 3, "percent_covered": 0.0, "percent_covered_display": "0.0", "missing_lines": 3, "excluded_lines": 0, "num_branches": 0, "num_partial_branches": 0, "covered_branches": 0, "missing_branches": 0}, "missing_lines": [46, 47, 48], "excluded_lines": [], "contexts": {}, "executed_branches": [], "missing_branches": []}, "TestMarkerAdder.get_markers_for_file": {"executed_lines": [], "summary": {"covered_lines": 0, "num_statements": 11, "percent_covered": 0.0, "percent_covered_display": "0.0", "missing_lines": 11, "excluded_lines": 0, "num_branches": 8, "num_partial_branches": 0, "covered_branches": 0, "missing_branches": 8}, "missing_lines": [52, 53, 56, 57, 58, 61, 62, 65, 66, 67, 69], "excluded_lines": [], "contexts": {}, "executed_branches": [], "missing_branches": [[56, 57], [56, 61], [57, 56], [57, 58], [61, 62], [61, 65], [65, 66], [65, 69]]}, "TestMarkerAdder.get_markers_for_method": {"executed_lines": [], "summary": {"covered_lines": 0, "num_statements": 5, "percent_covered": 0.0, "percent_covered_display": "0.0", "missing_lines": 5, "excluded_lines": 0, "num_branches": 4, "num_partial_branches": 0, "covered_branches": 0, "missing_branches": 4}, "missing_lines": [73, 75, 76, 77, 79], "excluded_lines": [], "contexts": {}, "executed_branches": [], "missing_branches": [[75, 76], [75, 79], [76, 75], [76, 77]]}, "TestMarkerAdder.add_markers_to_file": {"executed_lines": [], "summary": {"covered_lines": 0, "num_statements": 32, "percent_covered": 0.0, "percent_covered_display": "0.0", "missing_lines": 32, "excluded_lines": 0, "num_branches": 14, "num_partial_branches": 0, "covered_branches": 0, "missing_branches": 14}, "missing_lines": [83, 84, 87, 88, 89, 90, 92, 93, 94, 95, 96, 98, 99, 101, 103, 105, 106, 107, 110, 111, 112, 113, 114, 117, 120, 121, 123, 124, 125, 127, 128, 129], "excluded_lines": [], "contexts": {}, "executed_branches": [], "missing_branches": [[87, 88], [87, 92], [93, 94], [93, 98], [101, 103], [101, 120], [103, 105], [103, 110], [105, 106], [105, 107], [110, 111], [110, 117], [112, 113], [112, 114]]}, "TestMarkerAdder.process_all_test_files": {"executed_lines": [], "summary": {"covered_lines": 0, "num_statements": 9, "percent_covered": 0.0, "percent_covered_display": "0.0", "missing_lines": 9, "excluded_lines": 0, "num_branches": 4, "num_partial_branches": 0, "covered_branches": 0, "missing_branches": 4}, "missing_lines": [133, 134, 137, 139, 141, 142, 143, 144, 146], "excluded_lines": [], "contexts": {}, "executed_branches": [], "missing_branches": [[142, 143], [142, 146], [143, 142], [143, 144]]}, "TestMarkerAdder.generate_report": {"executed_lines": [], "summary": {"covered_lines": 0, "num_statements": 16, "percent_covered": 0.0, "percent_covered_display": "0.0", "missing_lines": 16, "excluded_lines": 0, "num_branches": 8, "num_partial_branches": 0, "covered_branches": 0, "missing_branches": 8}, "missing_lines": [150, 152, 153, 154, 155, 156, 157, 159, 160, 161, 162, 163, 165, 166, 167, 168], "excluded_lines": [], "contexts": {}, "executed_branches": [], "missing_branches": [[159, 160], [159, 165], [161, 162], [161, 165], [165, -148], [165, 166], [167, -148], [167, 168]]}, "main": {"executed_lines": [], "summary": {"covered_lines": 0, "num_statements": 9, "percent_covered": 0.0, "percent_covered_display": "0.0", "missing_lines": 9, "excluded_lines": 0, "num_branches": 2, "num_partial_branches": 0, "covered_branches": 0, "missing_branches": 2}, "missing_lines": [173, 175, 176, 177, 179, 180, 181, 183, 184], "excluded_lines": [], "contexts": {}, "executed_branches": [], "missing_branches": [[175, 176], [175, 179]]}, "": {"executed_lines": [], "summary": {"covered_lines": 0, "num_statements": 13, "percent_covered": 0.0, "percent_covered_display": "0.0", "missing_lines": 13, "excluded_lines": 2, "num_branches": 0, "num_partial_branches": 0, "covered_branches": 0, "missing_branches": 0}, "missing_lines": [7, 8, 9, 12, 28, 42, 45, 50, 71, 81, 131, 148, 171], "excluded_lines": [187, 188], "contexts": {}, "executed_branches": [], "missing_branches": []}}, "classes": {"TestMarkerAdder": {"executed_lines": [], "summary": {"covered_lines": 0, "num_statements": 76, "percent_covered": 0.0, "percent_covered_display": "0.0", "missing_lines": 76, "excluded_lines": 0, "num_branches": 38, "num_partial_branches": 0, "covered_branches": 0, "missing_branches": 38}, "missing_lines": [46, 47, 48, 52, 53, 56, 57, 58, 61, 62, 65, 66, 67, 69, 73, 75, 76, 77, 79, 83, 84, 87, 88, 89, 90, 92, 93, 94, 95, 96, 98, 99, 101, 103, 105, 106, 107, 110, 111, 112, 113, 114, 117, 120, 121, 123, 124, 125, 127, 128, 129, 133, 134, 137, 139, 141, 142, 143, 144, 146, 150, 152, 153, 154, 155, 156, 157, 159, 160, 161, 162, 163, 165, 166, 167, 168], "excluded_lines": [], "contexts": {}, "executed_branches": [], "missing_branches": [[56, 57], [56, 61], [57, 56], [57, 58], [61, 62], [61, 65], [65, 66], [65, 69], [75, 76], [75, 79], [76, 75], [76, 77], [87, 88], [87, 92], [93, 94], [93, 98], [101, 103], [101, 120], [103, 105], [103, 110], [105, 106], [105, 107], [110, 111], [110, 117], [112, 113], [112, 114], [142, 143], [142, 146], [143, 142], [143, 144], [159, 160], [159, 165], [161, 162], [161, 165], [165, -148], [165, 166], [167, -148], [167, 168]]}, "": {"executed_lines": [], "summary": {"covered_lines": 0, "num_statements": 22, "percent_covered": 0.0, "percent_covered_display": "0.0", "missing_lines": 22, "excluded_lines": 2, "num_branches": 2, "num_partial_branches": 0, "covered_branches": 0, "missing_branches": 2}, "missing_lines": [7, 8, 9, 12, 28, 42, 45, 50, 71, 81, 131, 148, 171, 173, 175, 176, 177, 179, 180, 181, 183, 184], "excluded_lines": [187, 188], "contexts": {}, "executed_branches": [], "missing_branches": [[175, 176], [175, 179]]}}}, "scripts/arxiv_simple.py": {"executed_lines": [], "summary": {"covered_lines": 0, "num_statements": 101, "percent_covered": 0.0, "percent_covered_display": "0.0", "missing_lines": 101, "excluded_lines": 4, "num_branches": 14, "num_partial_branches": 0, "covered_branches": 0, "missing_branches": 14}, "missing_lines": [8, 9, 10, 11, 12, 13, 16, 17, 20, 22, 23, 24, 29, 31, 33, 34, 37, 39, 41, 44, 49, 52, 53, 57, 59, 60, 61, 78, 80, 81, 83, 84, 85, 88, 90, 91, 93, 142, 145, 147, 148, 149, 152, 153, 154, 156, 158, 160, 161, 162, 167, 170, 171, 172, 173, 174, 175, 177, 178, 180, 181, 184, 186, 189, 192, 195, 198, 200, 203, 204, 205, 208, 210, 211, 212, 213, 215, 217, 219, 220, 222, 223, 225, 228, 229, 230, 231, 232, 235, 236, 237, 238, 239, 240, 241, 245, 247, 248, 249, 250, 251], "excluded_lines": [25, 26, 254, 255], "contexts": {}, "executed_branches": [], "missing_branches": [[60, 61], [60, 80], [147, 148], [147, 152], [158, 160], [158, 180], [203, 204], [203, 208], [219, 220], [219, 245], [220, 222], [220, 225], [235, -184], [235, 236]], "functions": {"load_config": {"executed_lines": [], "summary": {"covered_lines": 0, "num_statements": 3, "percent_covered": 0.0, "percent_covered_display": "0.0", "missing_lines": 3, "excluded_lines": 2, "num_branches": 0, "num_partial_branches": 0, "covered_branches": 0, "missing_branches": 0}, "missing_lines": [22, 23, 24], "excluded_lines": [25, 26], "contexts": {}, "executed_branches": [], "missing_branches": []}, "slugify": {"executed_lines": [], "summary": {"covered_lines": 0, "num_statements": 3, "percent_covered": 0.0, "percent_covered_display": "0.0", "missing_lines": 3, "excluded_lines": 0, "num_branches": 0, "num_partial_branches": 0, "covered_branches": 0, "missing_branches": 0}, "missing_lines": [31, 33, 34], "excluded_lines": [], "contexts": {}, "executed_branches": [], "missing_branches": []}, "generate_content_hash": {"executed_lines": [], "summary": {"covered_lines": 0, "num_statements": 2, "percent_covered": 0.0, "percent_covered_display": "0.0", "missing_lines": 2, "excluded_lines": 0, "num_branches": 0, "num_partial_branches": 0, "covered_branches": 0, "missing_branches": 0}, "missing_lines": [39, 41], "excluded_lines": [], "contexts": {}, "executed_branches": [], "missing_branches": []}, "search_arxiv_papers": {"executed_lines": [], "summary": {"covered_lines": 0, "num_statements": 13, "percent_covered": 0.0, "percent_covered_display": "0.0", "missing_lines": 13, "excluded_lines": 0, "num_branches": 2, "num_partial_branches": 0, "covered_branches": 0, "missing_branches": 2}, "missing_lines": [49, 52, 53, 57, 59, 60, 61, 78, 80, 81, 83, 84, 85], "excluded_lines": [], "contexts": {}, "executed_branches": [], "missing_branches": [[60, 61], [60, 80]]}, "format_paper_markdown": {"executed_lines": [], "summary": {"covered_lines": 0, "num_statements": 4, "percent_covered": 0.0, "percent_covered_display": "0.0", "missing_lines": 4, "excluded_lines": 0, "num_branches": 0, "num_partial_branches": 0, "covered_branches": 0, "missing_branches": 0}, "missing_lines": [90, 91, 93, 142], "excluded_lines": [], "contexts": {}, "executed_branches": [], "missing_branches": []}, "save_papers": {"executed_lines": [], "summary": {"covered_lines": 0, "num_statements": 22, "percent_covered": 0.0, "percent_covered_display": "0.0", "missing_lines": 22, "excluded_lines": 0, "num_branches": 4, "num_partial_branches": 0, "covered_branches": 0, "missing_branches": 4}, "missing_lines": [147, 148, 149, 152, 153, 154, 156, 158, 160, 161, 162, 167, 170, 171, 172, 173, 174, 175, 177, 178, 180, 181], "excluded_lines": [], "contexts": {}, "executed_branches": [], "missing_branches": [[147, 148], [147, 152], [158, 160], [158, 180]]}, "main": {"executed_lines": [], "summary": {"covered_lines": 0, "num_statements": 39, "percent_covered": 0.0, "percent_covered_display": "0.0", "missing_lines": 39, "excluded_lines": 0, "num_branches": 8, "num_partial_branches": 0, "covered_branches": 0, "missing_branches": 8}, "missing_lines": [186, 189, 192, 195, 198, 200, 203, 204, 205, 208, 210, 211, 212, 213, 215, 217, 219, 220, 222, 223, 225, 228, 229, 230, 231, 232, 235, 236, 237, 238, 239, 240, 241, 245, 247, 248, 249, 250, 251], "excluded_lines": [], "contexts": {}, "executed_branches": [], "missing_branches": [[203, 204], [203, 208], [219, 220], [219, 245], [220, 222], [220, 225], [235, -184], [235, 236]]}, "": {"executed_lines": [], "summary": {"covered_lines": 0, "num_statements": 15, "percent_covered": 0.0, "percent_covered_display": "0.0", "missing_lines": 15, "excluded_lines": 2, "num_branches": 0, "num_partial_branches": 0, "covered_branches": 0, "missing_branches": 0}, "missing_lines": [8, 9, 10, 11, 12, 13, 16, 17, 20, 29, 37, 44, 88, 145, 184], "excluded_lines": [254, 255], "contexts": {}, "executed_branches": [], "missing_branches": []}}, "classes": {"": {"executed_lines": [], "summary": {"covered_lines": 0, "num_statements": 101, "percent_covered": 0.0, "percent_covered_display": "0.0", "missing_lines": 101, "excluded_lines": 4, "num_branches": 14, "num_partial_branches": 0, "covered_branches": 0, "missing_branches": 14}, "missing_lines": [8, 9, 10, 11, 12, 13, 16, 17, 20, 22, 23, 24, 29, 31, 33, 34, 37, 39, 41, 44, 49, 52, 53, 57, 59, 60, 61, 78, 80, 81, 83, 84, 85, 88, 90, 91, 93, 142, 145, 147, 148, 149, 152, 153, 154, 156, 158, 160, 161, 162, 167, 170, 171, 172, 173, 174, 175, 177, 178, 180, 181, 184, 186, 189, 192, 195, 198, 200, 203, 204, 205, 208, 210, 211, 212, 213, 215, 217, 219, 220, 222, 223, 225, 228, 229, 230, 231, 232, 235, 236, 237, 238, 239, 240, 241, 245, 247, 248, 249, 250, 251], "excluded_lines": [25, 26, 254, 255], "contexts": {}, "executed_branches": [], "missing_branches": [[60, 61], [60, 80], [147, 148], [147, 152], [158, 160], [158, 180], [203, 204], [203, 208], [219, 220], [219, 245], [220, 222], [220, 225], [235, -184], [235, 236]]}}}, "scripts/batch_stealth_scraper.py": {"executed_lines": [], "summary": {"covered_lines": 0, "num_statements": 173, "percent_covered": 0.0, "percent_covered_display": "0.0", "missing_lines": 173, "excluded_lines": 5, "num_branches": 42, "num_partial_branches": 0, "covered_branches": 0, "missing_branches": 42}, "missing_lines": [13, 14, 15, 16, 17, 18, 19, 20, 21, 24, 25, 28, 31, 47, 48, 49, 50, 51, 52, 54, 65, 67, 69, 71, 80, 88, 91, 94, 95, 96, 97, 100, 103, 104, 106, 118, 119, 120, 132, 133, 134, 146, 156, 158, 160, 161, 162, 164, 166, 167, 170, 171, 172, 175, 177, 190, 191, 193, 194, 197, 199, 201, 206, 207, 208, 209, 210, 211, 214, 215, 216, 221, 222, 224, 227, 228, 230, 231, 238, 251, 252, 255, 257, 258, 259, 262, 268, 270, 271, 272, 273, 274, 275, 278, 280, 282, 283, 284, 286, 287, 288, 289, 290, 291, 293, 294, 295, 296, 297, 300, 301, 302, 303, 304, 305, 307, 309, 312, 313, 314, 315, 316, 317, 320, 322, 325, 326, 327, 333, 339, 345, 348, 353, 357, 360, 361, 362, 363, 364, 365, 367, 368, 369, 372, 373, 374, 375, 376, 377, 379, 380, 383, 388, 396, 397, 400, 403, 404, 407, 408, 409, 412, 413, 414, 415, 417, 420, 422, 423, 424, 425, 426, 427], "excluded_lines": [263, 264, 265, 430, 431], "contexts": {}, "executed_branches": [], "missing_branches": [[69, 71], [69, 80], [95, 96], [95, 106], [158, 160], [158, 175], [160, 161], [160, 164], [166, 167], [166, 170], [170, 158], [170, 171], [207, 208], [207, 224], [221, 207], [221, 222], [300, 301], [300, 302], [302, 303], [302, 304], [304, 305], [304, 307], [312, -278], [312, 313], [314, 315], [314, 316], [316, -278], [316, 317], [361, 362], [361, 363], [363, 364], [363, 367], [367, 368], [367, 372], [374, 375], [374, 379], [375, 374], [375, 376], [403, 404], [403, 407], [413, 414], [413, 417]], "functions": {"BatchStealthScraper.__init__": {"executed_lines": [], "summary": {"covered_lines": 0, "num_statements": 6, "percent_covered": 0.0, "percent_covered_display": "0.0", "missing_lines": 6, "excluded_lines": 0, "num_branches": 0, "num_partial_branches": 0, "covered_branches": 0, "missing_branches": 0}, "missing_lines": [47, 48, 49, 50, 51, 52], "excluded_lines": [], "contexts": {}, "executed_branches": [], "missing_branches": []}, "BatchStealthScraper.scrape_single_url": {"executed_lines": [], "summary": {"covered_lines": 0, "num_statements": 21, "percent_covered": 0.0, "percent_covered_display": "0.0", "missing_lines": 21, "excluded_lines": 0, "num_branches": 4, "num_partial_branches": 0, "covered_branches": 0, "missing_branches": 4}, "missing_lines": [65, 67, 69, 71, 80, 88, 91, 94, 95, 96, 97, 100, 103, 104, 106, 118, 119, 120, 132, 133, 134], "excluded_lines": [], "contexts": {}, "executed_branches": [], "missing_branches": [[69, 71], [69, 80], [95, 96], [95, 106]]}, "BatchStealthScraper.scrape_with_retry": {"executed_lines": [], "summary": {"covered_lines": 0, "num_statements": 12, "percent_covered": 0.0, "percent_covered_display": "0.0", "missing_lines": 12, "excluded_lines": 0, "num_branches": 8, "num_partial_branches": 0, "covered_branches": 0, "missing_branches": 8}, "missing_lines": [156, 158, 160, 161, 162, 164, 166, 167, 170, 171, 172, 175], "excluded_lines": [], "contexts": {}, "executed_branches": [], "missing_branches": [[158, 160], [158, 175], [160, 161], [160, 164], [166, 167], [166, 170], [170, 158], [170, 171]]}, "BatchStealthScraper.scrape_batch": {"executed_lines": [], "summary": {"covered_lines": 0, "num_statements": 26, "percent_covered": 0.0, "percent_covered_display": "0.0", "missing_lines": 26, "excluded_lines": 0, "num_branches": 4, "num_partial_branches": 0, "covered_branches": 0, "missing_branches": 4}, "missing_lines": [190, 191, 193, 194, 197, 199, 201, 206, 207, 208, 209, 210, 211, 214, 215, 216, 221, 222, 224, 227, 228, 230, 231, 238, 251, 252], "excluded_lines": [], "contexts": {}, "executed_branches": [], "missing_branches": [[207, 208], [207, 224], [221, 207], [221, 222]]}, "load_urls_from_file": {"executed_lines": [], "summary": {"covered_lines": 0, "num_statements": 4, "percent_covered": 0.0, "percent_covered_display": "0.0", "missing_lines": 4, "excluded_lines": 3, "num_branches": 0, "num_partial_branches": 0, "covered_branches": 0, "missing_branches": 0}, "missing_lines": [257, 258, 259, 262], "excluded_lines": [263, 264, 265], "contexts": {}, "executed_branches": [], "missing_branches": []}, "save_results": {"executed_lines": [], "summary": {"covered_lines": 0, "num_statements": 6, "percent_covered": 0.0, "percent_covered_display": "0.0", "missing_lines": 6, "excluded_lines": 0, "num_branches": 0, "num_partial_branches": 0, "covered_branches": 0, "missing_branches": 0}, "missing_lines": [270, 271, 272, 273, 274, 275], "excluded_lines": [], "contexts": {}, "executed_branches": [], "missing_branches": []}, "print_summary_report": {"executed_lines": [], "summary": {"covered_lines": 0, "num_statements": 29, "percent_covered": 0.0, "percent_covered_display": "0.0", "missing_lines": 29, "excluded_lines": 0, "num_branches": 12, "num_partial_branches": 0, "covered_branches": 0, "missing_branches": 12}, "missing_lines": [280, 282, 283, 284, 286, 287, 288, 289, 290, 291, 293, 294, 295, 296, 297, 300, 301, 302, 303, 304, 305, 307, 309, 312, 313, 314, 315, 316, 317], "excluded_lines": [], "contexts": {}, "executed_branches": [], "missing_branches": [[300, 301], [300, 302], [302, 303], [302, 304], [304, 305], [304, 307], [312, -278], [312, 313], [314, 315], [314, 316], [316, -278], [316, 317]]}, "main": {"executed_lines": [], "summary": {"covered_lines": 0, "num_statements": 49, "percent_covered": 0.0, "percent_covered_display": "0.0", "missing_lines": 49, "excluded_lines": 0, "num_branches": 14, "num_partial_branches": 0, "covered_branches": 0, "missing_branches": 14}, "missing_lines": [322, 325, 326, 327, 333, 339, 345, 348, 353, 357, 360, 361, 362, 363, 364, 365, 367, 368, 369, 372, 373, 374, 375, 376, 377, 379, 380, 383, 388, 396, 397, 400, 403, 404, 407, 408, 409, 412, 413, 414, 415, 417, 420, 422, 423, 424, 425, 426, 427], "excluded_lines": [], "contexts": {}, "executed_branches": [], "missing_branches": [[361, 362], [361, 363], [363, 364], [363, 367], [367, 368], [367, 372], [374, 375], [374, 379], [375, 374], [375, 376], [403, 404], [403, 407], [413, 414], [413, 417]]}, "": {"executed_lines": [], "summary": {"covered_lines": 0, "num_statements": 20, "percent_covered": 0.0, "percent_covered_display": "0.0", "missing_lines": 20, "excluded_lines": 2, "num_branches": 0, "num_partial_branches": 0, "covered_branches": 0, "missing_branches": 0}, "missing_lines": [13, 14, 15, 16, 17, 18, 19, 20, 21, 24, 25, 28, 31, 54, 146, 177, 255, 268, 278, 320], "excluded_lines": [430, 431], "contexts": {}, "executed_branches": [], "missing_branches": []}}, "classes": {"BatchStealthScraper": {"executed_lines": [], "summary": {"covered_lines": 0, "num_statements": 65, "percent_covered": 0.0, "percent_covered_display": "0.0", "missing_lines": 65, "excluded_lines": 0, "num_branches": 16, "num_partial_branches": 0, "covered_branches": 0, "missing_branches": 16}, "missing_lines": [47, 48, 49, 50, 51, 52, 65, 67, 69, 71, 80, 88, 91, 94, 95, 96, 97, 100, 103, 104, 106, 118, 119, 120, 132, 133, 134, 156, 158, 160, 161, 162, 164, 166, 167, 170, 171, 172, 175, 190, 191, 193, 194, 197, 199, 201, 206, 207, 208, 209, 210, 211, 214, 215, 216, 221, 222, 224, 227, 228, 230, 231, 238, 251, 252], "excluded_lines": [], "contexts": {}, "executed_branches": [], "missing_branches": [[69, 71], [69, 80], [95, 96], [95, 106], [158, 160], [158, 175], [160, 161], [160, 164], [166, 167], [166, 170], [170, 158], [170, 171], [207, 208], [207, 224], [221, 207], [221, 222]]}, "": {"executed_lines": [], "summary": {"covered_lines": 0, "num_statements": 108, "percent_covered": 0.0, "percent_covered_display": "0.0", "missing_lines": 108, "excluded_lines": 5, "num_branches": 26, "num_partial_branches": 0, "covered_branches": 0, "missing_branches": 26}, "missing_lines": [13, 14, 15, 16, 17, 18, 19, 20, 21, 24, 25, 28, 31, 54, 146, 177, 255, 257, 258, 259, 262, 268, 270, 271, 272, 273, 274, 275, 278, 280, 282, 283, 284, 286, 287, 288, 289, 290, 291, 293, 294, 295, 296, 297, 300, 301, 302, 303, 304, 305, 307, 309, 312, 313, 314, 315, 316, 317, 320, 322, 325, 326, 327, 333, 339, 345, 348, 353, 357, 360, 361, 362, 363, 364, 365, 367, 368, 369, 372, 373, 374, 375, 376, 377, 379, 380, 383, 388, 396, 397, 400, 403, 404, 407, 408, 409, 412, 413, 414, 415, 417, 420, 422, 423, 424, 425, 426, 427], "excluded_lines": [263, 264, 265, 430, 431], "contexts": {}, "executed_branches": [], "missing_branches": [[300, 301], [300, 302], [302, 303], [302, 304], [304, 305], [304, 307], [312, -278], [312, 313], [314, 315], [314, 316], [316, -278], [316, 317], [361, 362], [361, 363], [363, 364], [363, 367], [367, 368], [367, 372], [374, 375], [374, 379], [375, 374], [375, 376], [403, 404], [403, 407], [413, 414], [413, 417]]}}}, "scripts/budget_tracker.py": {"executed_lines": [], "summary": {"covered_lines": 0, "num_statements": 221, "percent_covered": 0.0, "percent_covered_display": "0.0", "missing_lines": 221, "excluded_lines": 5, "num_branches": 70, "num_partial_branches": 0, "covered_branches": 0, "missing_branches": 70}, "missing_lines": [8, 9, 10, 11, 12, 13, 16, 19, 20, 21, 22, 23, 26, 27, 30, 31, 32, 33, 34, 35, 36, 39, 40, 43, 44, 45, 46, 47, 48, 49, 50, 53, 56, 57, 58, 59, 62, 163, 165, 167, 168, 169, 170, 171, 172, 175, 187, 189, 191, 192, 194, 196, 205, 206, 209, 210, 216, 217, 218, 221, 222, 224, 226, 227, 228, 230, 232, 233, 235, 236, 238, 239, 241, 243, 244, 245, 246, 247, 248, 249, 250, 252, 254, 256, 257, 258, 260, 266, 267, 268, 282, 287, 288, 289, 290, 294, 296, 297, 299, 300, 301, 303, 305, 306, 307, 308, 309, 310, 311, 312, 314, 316, 333, 335, 337, 340, 348, 349, 350, 351, 354, 355, 358, 359, 363, 364, 366, 369, 370, 372, 373, 374, 375, 376, 377, 379, 380, 382, 387, 392, 393, 394, 396, 399, 400, 401, 402, 406, 407, 410, 411, 415, 418, 419, 421, 422, 423, 424, 425, 426, 427, 428, 429, 430, 431, 432, 434, 435, 436, 438, 439, 443, 445, 447, 449, 450, 453, 458, 459, 460, 461, 466, 468, 469, 471, 473, 475, 477, 480, 488, 489, 491, 494, 496, 498, 499, 505, 506, 507, 513, 517, 519, 520, 522, 523, 524, 525, 526, 527, 532, 533, 534, 536, 537, 538, 540, 541, 543, 545, 546, 551], "excluded_lines": [528, 529, 530, 554, 555], "contexts": {}, "executed_branches": [], "missing_branches": [[167, 168], [167, 175], [209, 210], [209, 216], [217, 218], [217, 221], [232, 233], [232, 235], [238, 239], [238, 241], [243, 244], [243, 245], [245, 246], [245, 247], [247, 248], [247, 249], [249, 250], [249, 252], [266, -254], [266, 267], [267, 266], [267, 268], [287, 266], [287, 288], [299, 300], [299, 303], [305, 306], [305, 307], [307, 308], [307, 309], [309, 310], [309, 311], [311, 312], [311, 314], [363, 364], [363, 366], [372, 373], [372, 396], [387, 372], [387, 392], [393, 372], [393, 394], [399, 400], [399, 415], [406, 407], [406, 415], [421, 422], [421, 425], [425, 426], [425, 429], [429, 430], [429, 434], [449, 450], [449, 473], [459, 460], [459, 468], [461, 459], [461, 466], [468, 469], [468, 471], [522, 523], [522, 532], [532, 533], [532, 536], [536, 537], [536, 540], [540, 541], [540, 543], [543, 545], [543, 551]], "functions": {"BudgetTracker.__init__": {"executed_lines": [], "summary": {"covered_lines": 0, "num_statements": 5, "percent_covered": 0.0, "percent_covered_display": "0.0", "missing_lines": 5, "excluded_lines": 0, "num_branches": 0, "num_partial_branches": 0, "covered_branches": 0, "missing_branches": 0}, "missing_lines": [57, 58, 59, 62, 163], "excluded_lines": [], "contexts": {}, "executed_branches": [], "missing_branches": []}, "BudgetTracker.load_budget_data": {"executed_lines": [], "summary": {"covered_lines": 0, "num_statements": 7, "percent_covered": 0.0, "percent_covered_display": "0.0", "missing_lines": 7, "excluded_lines": 0, "num_branches": 2, "num_partial_branches": 0, "covered_branches": 0, "missing_branches": 2}, "missing_lines": [167, 168, 169, 170, 171, 172, 175], "excluded_lines": [], "contexts": {}, "executed_branches": [], "missing_branches": [[167, 168], [167, 175]]}, "BudgetTracker.save_budget_data": {"executed_lines": [], "summary": {"covered_lines": 0, "num_statements": 3, "percent_covered": 0.0, "percent_covered_display": "0.0", "missing_lines": 3, "excluded_lines": 0, "num_branches": 0, "num_partial_branches": 0, "covered_branches": 0, "missing_branches": 0}, "missing_lines": [189, 191, 192], "excluded_lines": [], "contexts": {}, "executed_branches": [], "missing_branches": []}, "BudgetTracker.add_time_entry": {"executed_lines": [], "summary": {"covered_lines": 0, "num_statements": 10, "percent_covered": 0.0, "percent_covered_display": "0.0", "missing_lines": 10, "excluded_lines": 0, "num_branches": 4, "num_partial_branches": 0, "covered_branches": 0, "missing_branches": 4}, "missing_lines": [196, 205, 206, 209, 210, 216, 217, 218, 221, 222], "excluded_lines": [], "contexts": {}, "executed_branches": [], "missing_branches": [[209, 210], [209, 216], [217, 218], [217, 221]]}, "BudgetTracker.get_remaining_hours": {"executed_lines": [], "summary": {"covered_lines": 0, "num_statements": 3, "percent_covered": 0.0, "percent_covered_display": "0.0", "missing_lines": 3, "excluded_lines": 0, "num_branches": 0, "num_partial_branches": 0, "covered_branches": 0, "missing_branches": 0}, "missing_lines": [226, 227, 228], "excluded_lines": [], "contexts": {}, "executed_branches": [], "missing_branches": []}, "BudgetTracker.get_phase_status": {"executed_lines": [], "summary": {"covered_lines": 0, "num_statements": 16, "percent_covered": 0.0, "percent_covered_display": "0.0", "missing_lines": 16, "excluded_lines": 0, "num_branches": 12, "num_partial_branches": 0, "covered_branches": 0, "missing_branches": 12}, "missing_lines": [232, 233, 235, 236, 238, 239, 241, 243, 244, 245, 246, 247, 248, 249, 250, 252], "excluded_lines": [], "contexts": {}, "executed_branches": [], "missing_branches": [[232, 233], [232, 235], [238, 239], [238, 241], [243, 244], [243, 245], [245, 246], [245, 247], [247, 248], [247, 249], [249, 250], [249, 252]]}, "BudgetTracker.check_budget_alerts": {"executed_lines": [], "summary": {"covered_lines": 0, "num_statements": 12, "percent_covered": 0.0, "percent_covered_display": "0.0", "missing_lines": 12, "excluded_lines": 0, "num_branches": 6, "num_partial_branches": 0, "covered_branches": 0, "missing_branches": 6}, "missing_lines": [256, 257, 258, 260, 266, 267, 268, 282, 287, 288, 289, 290], "excluded_lines": [], "contexts": {}, "executed_branches": [], "missing_branches": [[266, -254], [266, 267], [267, 266], [267, 268], [287, 266], [287, 288]]}, "BudgetTracker.get_overall_budget_status": {"executed_lines": [], "summary": {"covered_lines": 0, "num_statements": 17, "percent_covered": 0.0, "percent_covered_display": "0.0", "missing_lines": 17, "excluded_lines": 0, "num_branches": 10, "num_partial_branches": 0, "covered_branches": 0, "missing_branches": 10}, "missing_lines": [296, 297, 299, 300, 301, 303, 305, 306, 307, 308, 309, 310, 311, 312, 314, 316, 333], "excluded_lines": [], "contexts": {}, "executed_branches": [], "missing_branches": [[299, 300], [299, 303], [305, 306], [305, 307], [307, 308], [307, 309], [309, 310], [309, 311], [311, 312], [311, 314]]}, "BudgetTracker.generate_budget_report": {"executed_lines": [], "summary": {"covered_lines": 0, "num_statements": 58, "percent_covered": 0.0, "percent_covered_display": "0.0", "missing_lines": 58, "excluded_lines": 0, "num_branches": 18, "num_partial_branches": 0, "covered_branches": 0, "missing_branches": 18}, "missing_lines": [337, 340, 348, 349, 350, 351, 354, 355, 358, 359, 363, 364, 366, 369, 370, 372, 373, 374, 375, 376, 377, 379, 380, 382, 387, 392, 393, 394, 396, 399, 400, 401, 402, 406, 407, 410, 411, 415, 418, 419, 421, 422, 423, 424, 425, 426, 427, 428, 429, 430, 431, 432, 434, 435, 436, 438, 439, 443], "excluded_lines": [], "contexts": {}, "executed_branches": [], "missing_branches": [[363, 364], [363, 366], [372, 373], [372, 396], [387, 372], [387, 392], [393, 372], [393, 394], [399, 400], [399, 415], [406, 407], [406, 415], [421, 422], [421, 425], [425, 426], [425, 429], [429, 430], [429, 434]]}, "BudgetTracker.budget_check": {"executed_lines": [], "summary": {"covered_lines": 0, "num_statements": 13, "percent_covered": 0.0, "percent_covered_display": "0.0", "missing_lines": 13, "excluded_lines": 0, "num_branches": 8, "num_partial_branches": 0, "covered_branches": 0, "missing_branches": 8}, "missing_lines": [447, 449, 450, 453, 458, 459, 460, 461, 466, 468, 469, 471, 473], "excluded_lines": [], "contexts": {}, "executed_branches": [], "missing_branches": [[449, 450], [449, 473], [459, 460], [459, 468], [461, 459], [461, 466], [468, 469], [468, 471]]}, "BudgetTracker.generate_markdown_report": {"executed_lines": [], "summary": {"covered_lines": 0, "num_statements": 5, "percent_covered": 0.0, "percent_covered_display": "0.0", "missing_lines": 5, "excluded_lines": 0, "num_branches": 0, "num_partial_branches": 0, "covered_branches": 0, "missing_branches": 0}, "missing_lines": [477, 480, 488, 489, 491], "excluded_lines": [], "contexts": {}, "executed_branches": [], "missing_branches": []}, "main": {"executed_lines": [], "summary": {"covered_lines": 0, "num_statements": 28, "percent_covered": 0.0, "percent_covered_display": "0.0", "missing_lines": 28, "excluded_lines": 3, "num_branches": 10, "num_partial_branches": 0, "covered_branches": 0, "missing_branches": 10}, "missing_lines": [496, 498, 499, 505, 506, 507, 513, 517, 519, 520, 522, 523, 524, 525, 526, 527, 532, 533, 534, 536, 537, 538, 540, 541, 543, 545, 546, 551], "excluded_lines": [528, 529, 530], "contexts": {}, "executed_branches": [], "missing_branches": [[522, 523], [522, 532], [532, 533], [532, 536], [536, 537], [536, 540], [540, 541], [540, 543], [543, 545], [543, 551]]}, "": {"executed_lines": [], "summary": {"covered_lines": 0, "num_statements": 44, "percent_covered": 0.0, "percent_covered_display": "0.0", "missing_lines": 44, "excluded_lines": 2, "num_branches": 0, "num_partial_branches": 0, "covered_branches": 0, "missing_branches": 0}, "missing_lines": [8, 9, 10, 11, 12, 13, 16, 19, 20, 21, 22, 23, 26, 27, 30, 31, 32, 33, 34, 35, 36, 39, 40, 43, 44, 45, 46, 47, 48, 49, 50, 53, 56, 165, 187, 194, 224, 230, 254, 294, 335, 445, 475, 494], "excluded_lines": [554, 555], "contexts": {}, "executed_branches": [], "missing_branches": []}}, "classes": {"BudgetStatus": {"executed_lines": [], "summary": {"covered_lines": 0, "num_statements": 0, "percent_covered": 100.0, "percent_covered_display": "100.0", "missing_lines": 0, "excluded_lines": 0, "num_branches": 0, "num_partial_branches": 0, "covered_branches": 0, "missing_branches": 0}, "missing_lines": [], "excluded_lines": [], "contexts": {}, "executed_branches": [], "missing_branches": []}, "BudgetEntry": {"executed_lines": [], "summary": {"covered_lines": 0, "num_statements": 0, "percent_covered": 100.0, "percent_covered_display": "100.0", "missing_lines": 0, "excluded_lines": 0, "num_branches": 0, "num_partial_branches": 0, "covered_branches": 0, "missing_branches": 0}, "missing_lines": [], "excluded_lines": [], "contexts": {}, "executed_branches": [], "missing_branches": []}, "PhaseBudget": {"executed_lines": [], "summary": {"covered_lines": 0, "num_statements": 0, "percent_covered": 100.0, "percent_covered_display": "100.0", "missing_lines": 0, "excluded_lines": 0, "num_branches": 0, "num_partial_branches": 0, "covered_branches": 0, "missing_branches": 0}, "missing_lines": [], "excluded_lines": [], "contexts": {}, "executed_branches": [], "missing_branches": []}, "BudgetTracker": {"executed_lines": [], "summary": {"covered_lines": 0, "num_statements": 149, "percent_covered": 0.0, "percent_covered_display": "0.0", "missing_lines": 149, "excluded_lines": 0, "num_branches": 60, "num_partial_branches": 0, "covered_branches": 0, "missing_branches": 60}, "missing_lines": [57, 58, 59, 62, 163, 167, 168, 169, 170, 171, 172, 175, 189, 191, 192, 196, 205, 206, 209, 210, 216, 217, 218, 221, 222, 226, 227, 228, 232, 233, 235, 236, 238, 239, 241, 243, 244, 245, 246, 247, 248, 249, 250, 252, 256, 257, 258, 260, 266, 267, 268, 282, 287, 288, 289, 290, 296, 297, 299, 300, 301, 303, 305, 306, 307, 308, 309, 310, 311, 312, 314, 316, 333, 337, 340, 348, 349, 350, 351, 354, 355, 358, 359, 363, 364, 366, 369, 370, 372, 373, 374, 375, 376, 377, 379, 380, 382, 387, 392, 393, 394, 396, 399, 400, 401, 402, 406, 407, 410, 411, 415, 418, 419, 421, 422, 423, 424, 425, 426, 427, 428, 429, 430, 431, 432, 434, 435, 436, 438, 439, 443, 447, 449, 450, 453, 458, 459, 460, 461, 466, 468, 469, 471, 473, 477, 480, 488, 489, 491], "excluded_lines": [], "contexts": {}, "executed_branches": [], "missing_branches": [[167, 168], [167, 175], [209, 210], [209, 216], [217, 218], [217, 221], [232, 233], [232, 235], [238, 239], [238, 241], [243, 244], [243, 245], [245, 246], [245, 247], [247, 248], [247, 249], [249, 250], [249, 252], [266, -254], [266, 267], [267, 266], [267, 268], [287, 266], [287, 288], [299, 300], [299, 303], [305, 306], [305, 307], [307, 308], [307, 309], [309, 310], [309, 311], [311, 312], [311, 314], [363, 364], [363, 366], [372, 373], [372, 396], [387, 372], [387, 392], [393, 372], [393, 394], [399, 400], [399, 415], [406, 407], [406, 415], [421, 422], [421, 425], [425, 426], [425, 429], [429, 430], [429, 434], [449, 450], [449, 473], [459, 460], [459, 468], [461, 459], [461, 466], [468, 469], [468, 471]]}, "": {"executed_lines": [], "summary": {"covered_lines": 0, "num_statements": 72, "percent_covered": 0.0, "percent_covered_display": "0.0", "missing_lines": 72, "excluded_lines": 5, "num_branches": 10, "num_partial_branches": 0, "covered_branches": 0, "missing_branches": 10}, "missing_lines": [8, 9, 10, 11, 12, 13, 16, 19, 20, 21, 22, 23, 26, 27, 30, 31, 32, 33, 34, 35, 36, 39, 40, 43, 44, 45, 46, 47, 48, 49, 50, 53, 56, 165, 187, 194, 224, 230, 254, 294, 335, 445, 475, 494, 496, 498, 499, 505, 506, 507, 513, 517, 519, 520, 522, 523, 524, 525, 526, 527, 532, 533, 534, 536, 537, 538, 540, 541, 543, 545, 546, 551], "excluded_lines": [528, 529, 530, 554, 555], "contexts": {}, "executed_branches": [], "missing_branches": [[522, 523], [522, 532], [532, 533], [532, 536], [536, 537], [536, 540], [540, 541], [540, 543], [543, 545], [543, 551]]}}}, "scripts/canary_validation_system.py": {"executed_lines": [], "summary": {"covered_lines": 0, "num_statements": 175, "percent_covered": 0.0, "percent_covered_display": "0.0", "missing_lines": 175, "excluded_lines": 2, "num_branches": 42, "num_partial_branches": 0, "covered_branches": 0, "missing_branches": 42}, "missing_lines": [8, 9, 10, 11, 12, 13, 15, 18, 19, 22, 25, 26, 27, 28, 31, 62, 64, 65, 67, 68, 69, 71, 72, 73, 76, 78, 79, 81, 82, 83, 85, 87, 88, 90, 91, 93, 94, 96, 100, 102, 104, 105, 107, 113, 114, 123, 124, 125, 128, 129, 132, 133, 135, 137, 150, 151, 159, 160, 168, 170, 173, 174, 175, 176, 178, 179, 182, 183, 184, 186, 187, 189, 194, 195, 196, 197, 199, 202, 203, 204, 205, 206, 207, 208, 209, 210, 212, 213, 215, 227, 229, 232, 234, 236, 237, 239, 241, 242, 245, 246, 247, 248, 250, 252, 262, 265, 266, 268, 272, 274, 276, 277, 279, 282, 286, 287, 288, 292, 300, 302, 304, 308, 309, 310, 313, 316, 319, 328, 329, 331, 332, 336, 337, 340, 345, 346, 347, 350, 352, 355, 357, 358, 361, 362, 364, 365, 366, 367, 368, 373, 374, 375, 376, 377, 379, 381, 382, 385, 386, 387, 389, 390, 391, 392, 394, 397, 399, 401, 404, 405, 407, 408, 409, 410, 411], "excluded_lines": [414, 415], "contexts": {}, "executed_branches": [], "missing_branches": [[64, 65], [64, 67], [72, 73], [72, 78], [113, 114], [113, 123], [173, 174], [173, 178], [175, 176], [175, 178], [182, 183], [182, 194], [202, 203], [202, 205], [205, 206], [205, 208], [208, 209], [208, 212], [245, 246], [245, 247], [247, 248], [247, 250], [276, 277], [276, 279], [286, 287], [286, 292], [308, 309], [308, 313], [328, 329], [328, 331], [331, 332], [331, 336], [336, 337], [336, 345], [346, 347], [346, 352], [374, 375], [374, 385], [381, 374], [381, 382], [391, 392], [391, 394]], "functions": {"CanaryValidator.__init__": {"executed_lines": [], "summary": {"covered_lines": 0, "num_statements": 4, "percent_covered": 0.0, "percent_covered_display": "0.0", "missing_lines": 4, "excluded_lines": 0, "num_branches": 0, "num_partial_branches": 0, "covered_branches": 0, "missing_branches": 0}, "missing_lines": [26, 27, 28, 31], "excluded_lines": [], "contexts": {}, "executed_branches": [], "missing_branches": []}, "CanaryValidator._load_cache": {"executed_lines": [], "summary": {"covered_lines": 0, "num_statements": 14, "percent_covered": 0.0, "percent_covered_display": "0.0", "missing_lines": 14, "excluded_lines": 0, "num_branches": 4, "num_partial_branches": 0, "covered_branches": 0, "missing_branches": 4}, "missing_lines": [64, 65, 67, 68, 69, 71, 72, 73, 76, 78, 79, 81, 82, 83], "excluded_lines": [], "contexts": {}, "executed_branches": [], "missing_branches": [[64, 65], [64, 67], [72, 73], [72, 78]]}, "CanaryValidator._save_cache": {"executed_lines": [], "summary": {"covered_lines": 0, "num_statements": 6, "percent_covered": 0.0, "percent_covered_display": "0.0", "missing_lines": 6, "excluded_lines": 0, "num_branches": 0, "num_partial_branches": 0, "covered_branches": 0, "missing_branches": 0}, "missing_lines": [87, 88, 90, 91, 93, 94], "excluded_lines": [], "contexts": {}, "executed_branches": [], "missing_branches": []}, "CanaryValidator.run_canary_check": {"executed_lines": [], "summary": {"covered_lines": 0, "num_statements": 20, "percent_covered": 0.0, "percent_covered_display": "0.0", "missing_lines": 20, "excluded_lines": 0, "num_branches": 2, "num_partial_branches": 0, "covered_branches": 0, "missing_branches": 2}, "missing_lines": [100, 102, 104, 105, 107, 113, 114, 123, 124, 125, 128, 129, 132, 133, 135, 137, 150, 151, 159, 160], "excluded_lines": [], "contexts": {}, "executed_branches": [], "missing_branches": [[113, 114], [113, 123]]}, "CanaryValidator.run_all_canary_checks": {"executed_lines": [], "summary": {"covered_lines": 0, "num_statements": 33, "percent_covered": 0.0, "percent_covered_display": "0.0", "missing_lines": 33, "excluded_lines": 0, "num_branches": 12, "num_partial_branches": 0, "covered_branches": 0, "missing_branches": 12}, "missing_lines": [170, 173, 174, 175, 176, 178, 179, 182, 183, 184, 186, 187, 189, 194, 195, 196, 197, 199, 202, 203, 204, 205, 206, 207, 208, 209, 210, 212, 213, 215, 227, 229, 232], "excluded_lines": [], "contexts": {}, "executed_branches": [], "missing_branches": [[173, 174], [173, 178], [175, 176], [175, 178], [182, 183], [182, 194], [202, 203], [202, 205], [205, 206], [205, 208], [208, 209], [208, 212]]}, "CanaryValidator.is_pipeline_ready": {"executed_lines": [], "summary": {"covered_lines": 0, "num_statements": 2, "percent_covered": 0.0, "percent_covered_display": "0.0", "missing_lines": 2, "excluded_lines": 0, "num_branches": 0, "num_partial_branches": 0, "covered_branches": 0, "missing_branches": 0}, "missing_lines": [236, 237], "excluded_lines": [], "contexts": {}, "executed_branches": [], "missing_branches": []}, "CanaryValidator.get_health_status": {"executed_lines": [], "summary": {"covered_lines": 0, "num_statements": 8, "percent_covered": 0.0, "percent_covered_display": "0.0", "missing_lines": 8, "excluded_lines": 0, "num_branches": 4, "num_partial_branches": 0, "covered_branches": 0, "missing_branches": 4}, "missing_lines": [241, 242, 245, 246, 247, 248, 250, 252], "excluded_lines": [], "contexts": {}, "executed_branches": [], "missing_branches": [[245, 246], [245, 247], [247, 248], [247, 250]]}, "PipelineGatekeeper.__init__": {"executed_lines": [], "summary": {"covered_lines": 0, "num_statements": 1, "percent_covered": 0.0, "percent_covered_display": "0.0", "missing_lines": 1, "excluded_lines": 0, "num_branches": 0, "num_partial_branches": 0, "covered_branches": 0, "missing_branches": 0}, "missing_lines": [266], "excluded_lines": [], "contexts": {}, "executed_branches": [], "missing_branches": []}, "PipelineGatekeeper.check_execution_readiness": {"executed_lines": [], "summary": {"covered_lines": 0, "num_statements": 10, "percent_covered": 0.0, "percent_covered_display": "0.0", "missing_lines": 10, "excluded_lines": 0, "num_branches": 4, "num_partial_branches": 0, "covered_branches": 0, "missing_branches": 4}, "missing_lines": [272, 274, 276, 277, 279, 282, 286, 287, 288, 292], "excluded_lines": [], "contexts": {}, "executed_branches": [], "missing_branches": [[276, 277], [276, 279], [286, 287], [286, 292]]}, "PipelineGatekeeper._generate_recommendations": {"executed_lines": [], "summary": {"covered_lines": 0, "num_statements": 20, "percent_covered": 0.0, "percent_covered_display": "0.0", "missing_lines": 20, "excluded_lines": 0, "num_branches": 10, "num_partial_branches": 0, "covered_branches": 0, "missing_branches": 10}, "missing_lines": [302, 304, 308, 309, 310, 313, 316, 319, 328, 329, 331, 332, 336, 337, 340, 345, 346, 347, 350, 352], "excluded_lines": [], "contexts": {}, "executed_branches": [], "missing_branches": [[308, 309], [308, 313], [328, 329], [328, 331], [331, 332], [331, 336], [336, 337], [336, 345], [346, 347], [346, 352]]}, "test_canary_system": {"executed_lines": [], "summary": {"covered_lines": 0, "num_statements": 25, "percent_covered": 0.0, "percent_covered_display": "0.0", "missing_lines": 25, "excluded_lines": 0, "num_branches": 6, "num_partial_branches": 0, "covered_branches": 0, "missing_branches": 6}, "missing_lines": [357, 358, 361, 362, 364, 365, 366, 367, 368, 373, 374, 375, 376, 377, 379, 381, 382, 385, 386, 387, 389, 390, 391, 392, 394], "excluded_lines": [], "contexts": {}, "executed_branches": [], "missing_branches": [[374, 375], [374, 385], [381, 374], [381, 382], [391, 392], [391, 394]]}, "main": {"executed_lines": [], "summary": {"covered_lines": 0, "num_statements": 9, "percent_covered": 0.0, "percent_covered_display": "0.0", "missing_lines": 9, "excluded_lines": 0, "num_branches": 0, "num_partial_branches": 0, "covered_branches": 0, "missing_branches": 0}, "missing_lines": [399, 401, 404, 405, 407, 408, 409, 410, 411], "excluded_lines": [], "contexts": {}, "executed_branches": [], "missing_branches": []}, "": {"executed_lines": [], "summary": {"covered_lines": 0, "num_statements": 23, "percent_covered": 0.0, "percent_covered_display": "0.0", "missing_lines": 23, "excluded_lines": 2, "num_branches": 0, "num_partial_branches": 0, "covered_branches": 0, "missing_branches": 0}, "missing_lines": [8, 9, 10, 11, 12, 13, 15, 18, 19, 22, 25, 62, 85, 96, 168, 234, 239, 262, 265, 268, 300, 355, 397], "excluded_lines": [414, 415], "contexts": {}, "executed_branches": [], "missing_branches": []}}, "classes": {"CanaryValidator": {"executed_lines": [], "summary": {"covered_lines": 0, "num_statements": 87, "percent_covered": 0.0, "percent_covered_display": "0.0", "missing_lines": 87, "excluded_lines": 0, "num_branches": 22, "num_partial_branches": 0, "covered_branches": 0, "missing_branches": 22}, "missing_lines": [26, 27, 28, 31, 64, 65, 67, 68, 69, 71, 72, 73, 76, 78, 79, 81, 82, 83, 87, 88, 90, 91, 93, 94, 100, 102, 104, 105, 107, 113, 114, 123, 124, 125, 128, 129, 132, 133, 135, 137, 150, 151, 159, 160, 170, 173, 174, 175, 176, 178, 179, 182, 183, 184, 186, 187, 189, 194, 195, 196, 197, 199, 202, 203, 204, 205, 206, 207, 208, 209, 210, 212, 213, 215, 227, 229, 232, 236, 237, 241, 242, 245, 246, 247, 248, 250, 252], "excluded_lines": [], "contexts": {}, "executed_branches": [], "missing_branches": [[64, 65], [64, 67], [72, 73], [72, 78], [113, 114], [113, 123], [173, 174], [173, 178], [175, 176], [175, 178], [182, 183], [182, 194], [202, 203], [202, 205], [205, 206], [205, 208], [208, 209], [208, 212], [245, 246], [245, 247], [247, 248], [247, 250]]}, "PipelineGatekeeper": {"executed_lines": [], "summary": {"covered_lines": 0, "num_statements": 31, "percent_covered": 0.0, "percent_covered_display": "0.0", "missing_lines": 31, "excluded_lines": 0, "num_branches": 14, "num_partial_branches": 0, "covered_branches": 0, "missing_branches": 14}, "missing_lines": [266, 272, 274, 276, 277, 279, 282, 286, 287, 288, 292, 302, 304, 308, 309, 310, 313, 316, 319, 328, 329, 331, 332, 336, 337, 340, 345, 346, 347, 350, 352], "excluded_lines": [], "contexts": {}, "executed_branches": [], "missing_branches": [[276, 277], [276, 279], [286, 287], [286, 292], [308, 309], [308, 313], [328, 329], [328, 331], [331, 332], [331, 336], [336, 337], [336, 345], [346, 347], [346, 352]]}, "": {"executed_lines": [], "summary": {"covered_lines": 0, "num_statements": 57, "percent_covered": 0.0, "percent_covered_display": "0.0", "missing_lines": 57, "excluded_lines": 2, "num_branches": 6, "num_partial_branches": 0, "covered_branches": 0, "missing_branches": 6}, "missing_lines": [8, 9, 10, 11, 12, 13, 15, 18, 19, 22, 25, 62, 85, 96, 168, 234, 239, 262, 265, 268, 300, 355, 357, 358, 361, 362, 364, 365, 366, 367, 368, 373, 374, 375, 376, 377, 379, 381, 382, 385, 386, 387, 389, 390, 391, 392, 394, 397, 399, 401, 404, 405, 407, 408, 409, 410, 411], "excluded_lines": [414, 415], "contexts": {}, "executed_branches": [], "missing_branches": [[374, 375], [374, 385], [381, 374], [381, 382], [391, 392], [391, 394]]}}}, "scripts/canary_validation_system_v2.py": {"executed_lines": [2, 8, 9, 10, 11, 12, 13, 15, 16, 19, 20, 23, 24, 26, 47, 111, 172, 220, 241, 253, 263, 276, 296, 319, 329, 352, 363, 429, 492, 514, 635, 640, 668, 669, 671, 674, 716, 814, 876, 894], "summary": {"covered_lines": 36, "num_statements": 336, "percent_covered": 8.035714285714286, "percent_covered_display": "8.0", "missing_lines": 300, "excluded_lines": 2, "num_branches": 112, "num_partial_branches": 0, "covered_branches": 0, "missing_branches": 112}, "missing_lines": [29, 30, 31, 34, 35, 38, 49, 50, 51, 52, 53, 56, 57, 58, 62, 65, 68, 69, 70, 71, 74, 76, 79, 80, 82, 89, 92, 93, 94, 100, 101, 102, 103, 104, 105, 115, 181, 184, 185, 190, 191, 192, 195, 196, 197, 199, 200, 201, 205, 206, 207, 210, 212, 226, 227, 228, 229, 230, 231, 232, 233, 234, 235, 236, 238, 245, 257, 267, 280, 300, 323, 331, 332, 334, 335, 336, 338, 339, 340, 343, 345, 346, 348, 349, 350, 354, 355, 357, 358, 360, 361, 367, 369, 371, 372, 374, 376, 377, 386, 387, 388, 389, 392, 396, 411, 412, 420, 421, 433, 435, 437, 439, 440, 449, 450, 451, 452, 455, 459, 474, 475, 483, 484, 494, 495, 498, 499, 500, 505, 508, 511, 512, 518, 521, 522, 523, 524, 527, 528, 529, 530, 532, 533, 541, 543, 544, 550, 551, 552, 555, 556, 557, 558, 562, 564, 566, 567, 568, 569, 570, 573, 574, 575, 576, 579, 584, 590, 593, 594, 595, 596, 597, 598, 599, 600, 601, 603, 604, 606, 627, 629, 633, 637, 638, 642, 643, 646, 647, 649, 650, 651, 652, 654, 656, 672, 678, 680, 682, 683, 685, 688, 692, 693, 694, 699, 703, 704, 708, 718, 720, 724, 725, 726, 728, 729, 732, 733, 737, 741, 742, 745, 746, 747, 748, 750, 751, 753, 754, 755, 756, 757, 760, 761, 762, 765, 766, 769, 773, 774, 777, 781, 782, 785, 788, 792, 793, 794, 795, 796, 797, 802, 803, 804, 807, 811, 816, 817, 820, 821, 823, 824, 825, 827, 828, 829, 832, 836, 837, 842, 843, 844, 845, 846, 848, 850, 851, 852, 855, 856, 857, 858, 859, 864, 865, 866, 868, 869, 870, 871, 873, 878, 880, 883, 884, 886, 887, 888, 889, 890, 891], "excluded_lines": [894, 895], "contexts": {"668": [""], "23": [""], "2": [""], "8": [""], "9": [""], "10": [""], "11": [""], "12": [""], "13": [""], "15": [""], "16": [""], "19": [""], "20": [""], "24": [""], "27": [""], "26": [""], "47": [""], "111": [""], "172": [""], "174": [""], "175": [""], "176": [""], "177": [""], "178": [""], "179": [""], "220": [""], "241": [""], "242": [""], "243": [""], "253": [""], "254": [""], "255": [""], "263": [""], "264": [""], "265": [""], "276": [""], "277": [""], "278": [""], "296": [""], "297": [""], "298": [""], "319": [""], "320": [""], "321": [""], "329": [""], "352": [""], "363": [""], "364": [""], "365": [""], "429": [""], "430": [""], "431": [""], "492": [""], "515": [""], "514": [""], "516": [""], "635": [""], "640": [""], "669": [""], "814": [""], "671": [""], "675": [""], "674": [""], "676": [""], "716": [""], "876": [""], "894": [""]}, "executed_branches": [], "missing_branches": [[51, 52], [51, 89], [56, 57], [56, 62], [68, 69], [68, 76], [70, 71], [70, 74], [79, 80], [79, 82], [191, 192], [191, 195], [199, 200], [199, 205], [205, 206], [205, 210], [227, 228], [227, 229], [229, 230], [229, 231], [231, 232], [231, 233], [233, 234], [233, 235], [235, 236], [235, 238], [331, 332], [331, 334], [339, 340], [339, 345], [376, 377], [376, 386], [439, 440], [439, 449], [498, 499], [498, 505], [508, -492], [508, 511], [521, 522], [521, 523], [523, 524], [523, 527], [527, 528], [527, 532], [529, 530], [529, 532], [541, 543], [541, 564], [551, 552], [551, 564], [564, 566], [564, 573], [567, 568], [567, 573], [593, 594], [593, 596], [596, 597], [596, 599], [599, 600], [599, 603], [649, 650], [649, 651], [651, 652], [651, 654], [682, 683], [682, 685], [692, 693], [692, 708], [699, 692], [699, 703], [724, 725], [724, 745], [728, 729], [728, 732], [732, 733], [732, 737], [750, 751], [750, 765], [753, 754], [753, 755], [755, 756], [755, 757], [757, 760], [757, 761], [761, 750], [761, 762], [765, 766], [765, 773], [773, 774], [773, 781], [781, 782], [781, 792], [792, 793], [792, 802], [794, 795], [794, 802], [795, 794], [795, 796], [803, 804], [803, 811], [828, 829], [828, 836], [843, 844], [843, 864], [850, 851], [850, 855], [855, 843], [855, 856], [857, 843], [857, 858], [870, 871], [870, 873]], "functions": {"EnhancedCanaryValidator.__init__": {"executed_lines": [], "summary": {"covered_lines": 0, "num_statements": 6, "percent_covered": 0.0, "percent_covered_display": "0.0", "missing_lines": 6, "excluded_lines": 0, "num_branches": 0, "num_partial_branches": 0, "covered_branches": 0, "missing_branches": 0}, "missing_lines": [29, 30, 31, 34, 35, 38], "excluded_lines": [], "contexts": {"668": [""], "23": [""], "2": [""], "8": [""], "9": [""], "10": [""], "11": [""], "12": [""], "13": [""], "15": [""], "16": [""], "19": [""], "20": [""], "24": [""], "27": [""], "26": [""], "47": [""], "111": [""], "172": [""], "174": [""], "175": [""], "176": [""], "177": [""], "178": [""], "179": [""], "220": [""], "241": [""], "242": [""], "243": [""], "253": [""], "254": [""], "255": [""], "263": [""], "264": [""], "265": [""], "276": [""], "277": [""], "278": [""], "296": [""], "297": [""], "298": [""], "319": [""], "320": [""], "321": [""], "329": [""], "352": [""], "363": [""], "364": [""], "365": [""], "429": [""], "430": [""], "431": [""], "492": [""], "515": [""], "514": [""], "516": [""], "635": [""], "640": [""], "669": [""], "814": [""], "671": [""], "675": [""], "674": [""], "676": [""], "716": [""], "876": [""], "894": [""]}, "executed_branches": [], "missing_branches": []}, "EnhancedCanaryValidator._load_configuration": {"executed_lines": [], "summary": {"covered_lines": 0, "num_statements": 29, "percent_covered": 0.0, "percent_covered_display": "0.0", "missing_lines": 29, "excluded_lines": 0, "num_branches": 10, "num_partial_branches": 0, "covered_branches": 0, "missing_branches": 10}, "missing_lines": [49, 50, 51, 52, 53, 56, 57, 58, 62, 65, 68, 69, 70, 71, 74, 76, 79, 80, 82, 89, 92, 93, 94, 100, 101, 102, 103, 104, 105], "excluded_lines": [], "contexts": {"668": [""], "23": [""], "2": [""], "8": [""], "9": [""], "10": [""], "11": [""], "12": [""], "13": [""], "15": [""], "16": [""], "19": [""], "20": [""], "24": [""], "27": [""], "26": [""], "47": [""], "111": [""], "172": [""], "174": [""], "175": [""], "176": [""], "177": [""], "178": [""], "179": [""], "220": [""], "241": [""], "242": [""], "243": [""], "253": [""], "254": [""], "255": [""], "263": [""], "264": [""], "265": [""], "276": [""], "277": [""], "278": [""], "296": [""], "297": [""], "298": [""], "319": [""], "320": [""], "321": [""], "329": [""], "352": [""], "363": [""], "364": [""], "365": [""], "429": [""], "430": [""], "431": [""], "492": [""], "515": [""], "514": [""], "516": [""], "635": [""], "640": [""], "669": [""], "814": [""], "671": [""], "675": [""], "674": [""], "676": [""], "716": [""], "876": [""], "894": [""]}, "executed_branches": [], "missing_branches": [[51, 52], [51, 89], [56, 57], [56, 62], [68, 69], [68, 76], [70, 71], [70, 74], [79, 80], [79, 82]]}, "EnhancedCanaryValidator._set_default_targets": {"executed_lines": [], "summary": {"covered_lines": 0, "num_statements": 1, "percent_covered": 0.0, "percent_covered_display": "0.0", "missing_lines": 1, "excluded_lines": 0, "num_branches": 0, "num_partial_branches": 0, "covered_branches": 0, "missing_branches": 0}, "missing_lines": [115], "excluded_lines": [], "contexts": {"668": [""], "23": [""], "2": [""], "8": [""], "9": [""], "10": [""], "11": [""], "12": [""], "13": [""], "15": [""], "16": [""], "19": [""], "20": [""], "24": [""], "27": [""], "26": [""], "47": [""], "111": [""], "172": [""], "174": [""], "175": [""], "176": [""], "177": [""], "178": [""], "179": [""], "220": [""], "241": [""], "242": [""], "243": [""], "253": [""], "254": [""], "255": [""], "263": [""], "264": [""], "265": [""], "276": [""], "277": [""], "278": [""], "296": [""], "297": [""], "298": [""], "319": [""], "320": [""], "321": [""], "329": [""], "352": [""], "363": [""], "364": [""], "365": [""], "429": [""], "430": [""], "431": [""], "492": [""], "515": [""], "514": [""], "516": [""], "635": [""], "640": [""], "669": [""], "814": [""], "671": [""], "675": [""], "674": [""], "676": [""], "716": [""], "876": [""], "894": [""]}, "executed_branches": [], "missing_branches": []}, "EnhancedCanaryValidator._validate_page_content": {"executed_lines": [], "summary": {"covered_lines": 0, "num_statements": 17, "percent_covered": 0.0, "percent_covered_display": "0.0", "missing_lines": 17, "excluded_lines": 0, "num_branches": 6, "num_partial_branches": 0, "covered_branches": 0, "missing_branches": 6}, "missing_lines": [181, 184, 185, 190, 191, 192, 195, 196, 197, 199, 200, 201, 205, 206, 207, 210, 212], "excluded_lines": [], "contexts": {"668": [""], "23": [""], "2": [""], "8": [""], "9": [""], "10": [""], "11": [""], "12": [""], "13": [""], "15": [""], "16": [""], "19": [""], "20": [""], "24": [""], "27": [""], "26": [""], "47": [""], "111": [""], "172": [""], "174": [""], "175": [""], "176": [""], "177": [""], "178": [""], "179": [""], "220": [""], "241": [""], "242": [""], "243": [""], "253": [""], "254": [""], "255": [""], "263": [""], "264": [""], "265": [""], "276": [""], "277": [""], "278": [""], "296": [""], "297": [""], "298": [""], "319": [""], "320": [""], "321": [""], "329": [""], "352": [""], "363": [""], "364": [""], "365": [""], "429": [""], "430": [""], "431": [""], "492": [""], "515": [""], "514": [""], "516": [""], "635": [""], "640": [""], "669": [""], "814": [""], "671": [""], "675": [""], "674": [""], "676": [""], "716": [""], "876": [""], "894": [""]}, "executed_branches": [], "missing_branches": [[191, 192], [191, 195], [199, 200], [199, 205], [205, 206], [205, 210]]}, "EnhancedCanaryValidator._extract_domain": {"executed_lines": [], "summary": {"covered_lines": 0, "num_statements": 12, "percent_covered": 0.0, "percent_covered_display": "0.0", "missing_lines": 12, "excluded_lines": 0, "num_branches": 10, "num_partial_branches": 0, "covered_branches": 0, "missing_branches": 10}, "missing_lines": [226, 227, 228, 229, 230, 231, 232, 233, 234, 235, 236, 238], "excluded_lines": [], "contexts": {"668": [""], "23": [""], "2": [""], "8": [""], "9": [""], "10": [""], "11": [""], "12": [""], "13": [""], "15": [""], "16": [""], "19": [""], "20": [""], "24": [""], "27": [""], "26": [""], "47": [""], "111": [""], "172": [""], "174": [""], "175": [""], "176": [""], "177": [""], "178": [""], "179": [""], "220": [""], "241": [""], "242": [""], "243": [""], "253": [""], "254": [""], "255": [""], "263": [""], "264": [""], "265": [""], "276": [""], "277": [""], "278": [""], "296": [""], "297": [""], "298": [""], "319": [""], "320": [""], "321": [""], "329": [""], "352": [""], "363": [""], "364": [""], "365": [""], "429": [""], "430": [""], "431": [""], "492": [""], "515": [""], "514": [""], "516": [""], "635": [""], "640": [""], "669": [""], "814": [""], "671": [""], "675": [""], "674": [""], "676": [""], "716": [""], "876": [""], "894": [""]}, "executed_branches": [], "missing_branches": [[227, 228], [227, 229], [229, 230], [229, 231], [231, 232], [231, 233], [233, 234], [233, 235], [235, 236], [235, 238]]}, "EnhancedCanaryValidator._validate_basic_connectivity": {"executed_lines": [], "summary": {"covered_lines": 0, "num_statements": 1, "percent_covered": 0.0, "percent_covered_display": "0.0", "missing_lines": 1, "excluded_lines": 0, "num_branches": 0, "num_partial_branches": 0, "covered_branches": 0, "missing_branches": 0}, "missing_lines": [245], "excluded_lines": [], "contexts": {"668": [""], "23": [""], "2": [""], "8": [""], "9": [""], "10": [""], "11": [""], "12": [""], "13": [""], "15": [""], "16": [""], "19": [""], "20": [""], "24": [""], "27": [""], "26": [""], "47": [""], "111": [""], "172": [""], "174": [""], "175": [""], "176": [""], "177": [""], "178": [""], "179": [""], "220": [""], "241": [""], "242": [""], "243": [""], "253": [""], "254": [""], "255": [""], "263": [""], "264": [""], "265": [""], "276": [""], "277": [""], "278": [""], "296": [""], "297": [""], "298": [""], "319": [""], "320": [""], "321": [""], "329": [""], "352": [""], "363": [""], "364": [""], "365": [""], "429": [""], "430": [""], "431": [""], "492": [""], "515": [""], "514": [""], "516": [""], "635": [""], "640": [""], "669": [""], "814": [""], "671": [""], "675": [""], "674": [""], "676": [""], "716": [""], "876": [""], "894": [""]}, "executed_branches": [], "missing_branches": []}, "EnhancedCanaryValidator._validate_javascript_execution": {"executed_lines": [], "summary": {"covered_lines": 0, "num_statements": 1, "percent_covered": 0.0, "percent_covered_display": "0.0", "missing_lines": 1, "excluded_lines": 0, "num_branches": 0, "num_partial_branches": 0, "covered_branches": 0, "missing_branches": 0}, "missing_lines": [257], "excluded_lines": [], "contexts": {"668": [""], "23": [""], "2": [""], "8": [""], "9": [""], "10": [""], "11": [""], "12": [""], "13": [""], "15": [""], "16": [""], "19": [""], "20": [""], "24": [""], "27": [""], "26": [""], "47": [""], "111": [""], "172": [""], "174": [""], "175": [""], "176": [""], "177": [""], "178": [""], "179": [""], "220": [""], "241": [""], "242": [""], "243": [""], "253": [""], "254": [""], "255": [""], "263": [""], "264": [""], "265": [""], "276": [""], "277": [""], "278": [""], "296": [""], "297": [""], "298": [""], "319": [""], "320": [""], "321": [""], "329": [""], "352": [""], "363": [""], "364": [""], "365": [""], "429": [""], "430": [""], "431": [""], "492": [""], "515": [""], "514": [""], "516": [""], "635": [""], "640": [""], "669": [""], "814": [""], "671": [""], "675": [""], "674": [""], "676": [""], "716": [""], "876": [""], "894": [""]}, "executed_branches": [], "missing_branches": []}, "EnhancedCanaryValidator._validate_anti_detection": {"executed_lines": [], "summary": {"covered_lines": 0, "num_statements": 1, "percent_covered": 0.0, "percent_covered_display": "0.0", "missing_lines": 1, "excluded_lines": 0, "num_branches": 0, "num_partial_branches": 0, "covered_branches": 0, "missing_branches": 0}, "missing_lines": [267], "excluded_lines": [], "contexts": {"668": [""], "23": [""], "2": [""], "8": [""], "9": [""], "10": [""], "11": [""], "12": [""], "13": [""], "15": [""], "16": [""], "19": [""], "20": [""], "24": [""], "27": [""], "26": [""], "47": [""], "111": [""], "172": [""], "174": [""], "175": [""], "176": [""], "177": [""], "178": [""], "179": [""], "220": [""], "241": [""], "242": [""], "243": [""], "253": [""], "254": [""], "255": [""], "263": [""], "264": [""], "265": [""], "276": [""], "277": [""], "278": [""], "296": [""], "297": [""], "298": [""], "319": [""], "320": [""], "321": [""], "329": [""], "352": [""], "363": [""], "364": [""], "365": [""], "429": [""], "430": [""], "431": [""], "492": [""], "515": [""], "514": [""], "516": [""], "635": [""], "640": [""], "669": [""], "814": [""], "671": [""], "675": [""], "674": [""], "676": [""], "716": [""], "876": [""], "894": [""]}, "executed_branches": [], "missing_branches": []}, "EnhancedCanaryValidator._validate_finviz": {"executed_lines": [], "summary": {"covered_lines": 0, "num_statements": 1, "percent_covered": 0.0, "percent_covered_display": "0.0", "missing_lines": 1, "excluded_lines": 0, "num_branches": 0, "num_partial_branches": 0, "covered_branches": 0, "missing_branches": 0}, "missing_lines": [280], "excluded_lines": [], "contexts": {"668": [""], "23": [""], "2": [""], "8": [""], "9": [""], "10": [""], "11": [""], "12": [""], "13": [""], "15": [""], "16": [""], "19": [""], "20": [""], "24": [""], "27": [""], "26": [""], "47": [""], "111": [""], "172": [""], "174": [""], "175": [""], "176": [""], "177": [""], "178": [""], "179": [""], "220": [""], "241": [""], "242": [""], "243": [""], "253": [""], "254": [""], "255": [""], "263": [""], "264": [""], "265": [""], "276": [""], "277": [""], "278": [""], "296": [""], "297": [""], "298": [""], "319": [""], "320": [""], "321": [""], "329": [""], "352": [""], "363": [""], "364": [""], "365": [""], "429": [""], "430": [""], "431": [""], "492": [""], "515": [""], "514": [""], "516": [""], "635": [""], "640": [""], "669": [""], "814": [""], "671": [""], "675": [""], "674": [""], "676": [""], "716": [""], "876": [""], "894": [""]}, "executed_branches": [], "missing_branches": []}, "EnhancedCanaryValidator._validate_yahoo_finance": {"executed_lines": [], "summary": {"covered_lines": 0, "num_statements": 1, "percent_covered": 0.0, "percent_covered_display": "0.0", "missing_lines": 1, "excluded_lines": 0, "num_branches": 0, "num_partial_branches": 0, "covered_branches": 0, "missing_branches": 0}, "missing_lines": [300], "excluded_lines": [], "contexts": {"668": [""], "23": [""], "2": [""], "8": [""], "9": [""], "10": [""], "11": [""], "12": [""], "13": [""], "15": [""], "16": [""], "19": [""], "20": [""], "24": [""], "27": [""], "26": [""], "47": [""], "111": [""], "172": [""], "174": [""], "175": [""], "176": [""], "177": [""], "178": [""], "179": [""], "220": [""], "241": [""], "242": [""], "243": [""], "253": [""], "254": [""], "255": [""], "263": [""], "264": [""], "265": [""], "276": [""], "277": [""], "278": [""], "296": [""], "297": [""], "298": [""], "319": [""], "320": [""], "321": [""], "329": [""], "352": [""], "363": [""], "364": [""], "365": [""], "429": [""], "430": [""], "431": [""], "492": [""], "515": [""], "514": [""], "516": [""], "635": [""], "640": [""], "669": [""], "814": [""], "671": [""], "675": [""], "674": [""], "676": [""], "716": [""], "876": [""], "894": [""]}, "executed_branches": [], "missing_branches": []}, "EnhancedCanaryValidator._validate_httpbin": {"executed_lines": [], "summary": {"covered_lines": 0, "num_statements": 1, "percent_covered": 0.0, "percent_covered_display": "0.0", "missing_lines": 1, "excluded_lines": 0, "num_branches": 0, "num_partial_branches": 0, "covered_branches": 0, "missing_branches": 0}, "missing_lines": [323], "excluded_lines": [], "contexts": {"668": [""], "23": [""], "2": [""], "8": [""], "9": [""], "10": [""], "11": [""], "12": [""], "13": [""], "15": [""], "16": [""], "19": [""], "20": [""], "24": [""], "27": [""], "26": [""], "47": [""], "111": [""], "172": [""], "174": [""], "175": [""], "176": [""], "177": [""], "178": [""], "179": [""], "220": [""], "241": [""], "242": [""], "243": [""], "253": [""], "254": [""], "255": [""], "263": [""], "264": [""], "265": [""], "276": [""], "277": [""], "278": [""], "296": [""], "297": [""], "298": [""], "319": [""], "320": [""], "321": [""], "329": [""], "352": [""], "363": [""], "364": [""], "365": [""], "429": [""], "430": [""], "431": [""], "492": [""], "515": [""], "514": [""], "516": [""], "635": [""], "640": [""], "669": [""], "814": [""], "671": [""], "675": [""], "674": [""], "676": [""], "716": [""], "876": [""], "894": [""]}, "executed_branches": [], "missing_branches": []}, "EnhancedCanaryValidator._load_cache": {"executed_lines": [], "summary": {"covered_lines": 0, "num_statements": 14, "percent_covered": 0.0, "percent_covered_display": "0.0", "missing_lines": 14, "excluded_lines": 0, "num_branches": 4, "num_partial_branches": 0, "covered_branches": 0, "missing_branches": 4}, "missing_lines": [331, 332, 334, 335, 336, 338, 339, 340, 343, 345, 346, 348, 349, 350], "excluded_lines": [], "contexts": {"668": [""], "23": [""], "2": [""], "8": [""], "9": [""], "10": [""], "11": [""], "12": [""], "13": [""], "15": [""], "16": [""], "19": [""], "20": [""], "24": [""], "27": [""], "26": [""], "47": [""], "111": [""], "172": [""], "174": [""], "175": [""], "176": [""], "177": [""], "178": [""], "179": [""], "220": [""], "241": [""], "242": [""], "243": [""], "253": [""], "254": [""], "255": [""], "263": [""], "264": [""], "265": [""], "276": [""], "277": [""], "278": [""], "296": [""], "297": [""], "298": [""], "319": [""], "320": [""], "321": [""], "329": [""], "352": [""], "363": [""], "364": [""], "365": [""], "429": [""], "430": [""], "431": [""], "492": [""], "515": [""], "514": [""], "516": [""], "635": [""], "640": [""], "669": [""], "814": [""], "671": [""], "675": [""], "674": [""], "676": [""], "716": [""], "876": [""], "894": [""]}, "executed_branches": [], "missing_branches": [[331, 332], [331, 334], [339, 340], [339, 345]]}, "EnhancedCanaryValidator._save_cache": {"executed_lines": [], "summary": {"covered_lines": 0, "num_statements": 6, "percent_covered": 0.0, "percent_covered_display": "0.0", "missing_lines": 6, "excluded_lines": 0, "num_branches": 0, "num_partial_branches": 0, "covered_branches": 0, "missing_branches": 0}, "missing_lines": [354, 355, 357, 358, 360, 361], "excluded_lines": [], "contexts": {"668": [""], "23": [""], "2": [""], "8": [""], "9": [""], "10": [""], "11": [""], "12": [""], "13": [""], "15": [""], "16": [""], "19": [""], "20": [""], "24": [""], "27": [""], "26": [""], "47": [""], "111": [""], "172": [""], "174": [""], "175": [""], "176": [""], "177": [""], "178": [""], "179": [""], "220": [""], "241": [""], "242": [""], "243": [""], "253": [""], "254": [""], "255": [""], "263": [""], "264": [""], "265": [""], "276": [""], "277": [""], "278": [""], "296": [""], "297": [""], "298": [""], "319": [""], "320": [""], "321": [""], "329": [""], "352": [""], "363": [""], "364": [""], "365": [""], "429": [""], "430": [""], "431": [""], "492": [""], "515": [""], "514": [""], "516": [""], "635": [""], "640": [""], "669": [""], "814": [""], "671": [""], "675": [""], "674": [""], "676": [""], "716": [""], "876": [""], "894": [""]}, "executed_branches": [], "missing_branches": []}, "EnhancedCanaryValidator.run_canary_check": {"executed_lines": [], "summary": {"covered_lines": 0, "num_statements": 17, "percent_covered": 0.0, "percent_covered_display": "0.0", "missing_lines": 17, "excluded_lines": 0, "num_branches": 2, "num_partial_branches": 0, "covered_branches": 0, "missing_branches": 2}, "missing_lines": [367, 369, 371, 372, 374, 376, 377, 386, 387, 388, 389, 392, 396, 411, 412, 420, 421], "excluded_lines": [], "contexts": {"668": [""], "23": [""], "2": [""], "8": [""], "9": [""], "10": [""], "11": [""], "12": [""], "13": [""], "15": [""], "16": [""], "19": [""], "20": [""], "24": [""], "27": [""], "26": [""], "47": [""], "111": [""], "172": [""], "174": [""], "175": [""], "176": [""], "177": [""], "178": [""], "179": [""], "220": [""], "241": [""], "242": [""], "243": [""], "253": [""], "254": [""], "255": [""], "263": [""], "264": [""], "265": [""], "276": [""], "277": [""], "278": [""], "296": [""], "297": [""], "298": [""], "319": [""], "320": [""], "321": [""], "329": [""], "352": [""], "363": [""], "364": [""], "365": [""], "429": [""], "430": [""], "431": [""], "492": [""], "515": [""], "514": [""], "516": [""], "635": [""], "640": [""], "669": [""], "814": [""], "671": [""], "675": [""], "674": [""], "676": [""], "716": [""], "876": [""], "894": [""]}, "executed_branches": [], "missing_branches": [[376, 377], [376, 386]]}, "EnhancedCanaryValidator._run_canary_check_with_driver": {"executed_lines": [], "summary": {"covered_lines": 0, "num_statements": 15, "percent_covered": 0.0, "percent_covered_display": "0.0", "missing_lines": 15, "excluded_lines": 0, "num_branches": 2, "num_partial_branches": 0, "covered_branches": 0, "missing_branches": 2}, "missing_lines": [433, 435, 437, 439, 440, 449, 450, 451, 452, 455, 459, 474, 475, 483, 484], "excluded_lines": [], "contexts": {"668": [""], "23": [""], "2": [""], "8": [""], "9": [""], "10": [""], "11": [""], "12": [""], "13": [""], "15": [""], "16": [""], "19": [""], "20": [""], "24": [""], "27": [""], "26": [""], "47": [""], "111": [""], "172": [""], "174": [""], "175": [""], "176": [""], "177": [""], "178": [""], "179": [""], "220": [""], "241": [""], "242": [""], "243": [""], "253": [""], "254": [""], "255": [""], "263": [""], "264": [""], "265": [""], "276": [""], "277": [""], "278": [""], "296": [""], "297": [""], "298": [""], "319": [""], "320": [""], "321": [""], "329": [""], "352": [""], "363": [""], "364": [""], "365": [""], "429": [""], "430": [""], "431": [""], "492": [""], "515": [""], "514": [""], "516": [""], "635": [""], "640": [""], "669": [""], "814": [""], "671": [""], "675": [""], "674": [""], "676": [""], "716": [""], "876": [""], "894": [""]}, "executed_branches": [], "missing_branches": [[439, 440], [439, 449]]}, "EnhancedCanaryValidator._log_check_result": {"executed_lines": [], "summary": {"covered_lines": 0, "num_statements": 9, "percent_covered": 0.0, "percent_covered_display": "0.0", "missing_lines": 9, "excluded_lines": 0, "num_branches": 4, "num_partial_branches": 0, "covered_branches": 0, "missing_branches": 4}, "missing_lines": [494, 495, 498, 499, 500, 505, 508, 511, 512], "excluded_lines": [], "contexts": {"668": [""], "23": [""], "2": [""], "8": [""], "9": [""], "10": [""], "11": [""], "12": [""], "13": [""], "15": [""], "16": [""], "19": [""], "20": [""], "24": [""], "27": [""], "26": [""], "47": [""], "111": [""], "172": [""], "174": [""], "175": [""], "176": [""], "177": [""], "178": [""], "179": [""], "220": [""], "241": [""], "242": [""], "243": [""], "2
[...]
 "executed_branches": [], "missing_branches": []}, "ChromaVectorStorage.create_snapshot": {"executed_lines": [], "summary": {"covered_lines": 0, "num_statements": 20, "percent_covered": 0.0, "percent_covered_display": "0.0", "missing_lines": 20, "excluded_lines": 0, "num_branches": 4, "num_partial_branches": 0, "covered_branches": 0, "missing_branches": 4}, "missing_lines": [140, 141, 143, 145, 146, 148, 149, 151, 153, 156, 159, 169, 170, 171, 173, 174, 176, 180, 181, 182], "excluded_lines": [], "contexts": {"1": [""], "6": [""], "7": [""], "8": [""], "9": [""], "11": [""]}, "executed_branches": [], "missing_branches": [[140, 141], [140, 143], [151, 153], [151, 176]]}, "ChromaVectorStorage.restore_snapshot": {"executed_lines": [], "summary": {"covered_lines": 0, "num_statements": 28, "percent_covered": 0.0, "percent_covered_display": "0.0", "missing_lines": 28, "excluded_lines": 0, "num_branches": 8, "num_partial_branches": 0, "covered_branches": 0, "missing_branches": 8}, "missing_lines": [186, 187, 188, 190, 191, 193, 194, 199, 200, 201, 202, 203, 204, 207, 208, 209, 210, 213, 216, 217, 218, 221, 225, 227, 228, 230, 231, 232], "excluded_lines": [], "contexts": {"1": [""], "6": [""], "7": [""], "8": [""], "9": [""], "11": [""]}, "executed_branches": [], "missing_branches": [[193, 194], [193, 199], [200, 201], [200, 207], [207, 208], [207, 213], [217, 218], [217, 221]]}, "QdrantMigrationTool.__init__": {"executed_lines": [], "summary": {"covered_lines": 0, "num_statements": 2, "percent_covered": 0.0, "percent_covered_display": "0.0", "missing_lines": 2, "excluded_lines": 0, "num_branches": 0, "num_partial_branches": 0, "covered_branches": 0, "missing_branches": 0}, "missing_lines": [243, 244], "excluded_lines": [], "contexts": {"1": [""], "6": [""], "7": [""], "8": [""], "9": [""], "11": [""]}, "executed_branches": [], "missing_branches": []}, "QdrantMigrationTool.migrate_collection": {"executed_lines": [], "summary": {"covered_lines": 0, "num_statements": 28, "percent_covered": 0.0, "percent_covered_display": "0.0", "missing_lines": 28, "excluded_lines": 3, "num_branches": 6, "num_partial_branches": 0, "covered_branches": 0, "missing_branches": 6}, "missing_lines": [248, 250, 251, 252, 253, 256, 259, 260, 261, 263, 266, 273, 274, 277, 278, 279, 284, 287, 289, 292, 294, 295, 300, 301, 302, 304, 305, 306], "excluded_lines": [297, 298, 299], "contexts": {"1": [""], "6": [""], "7": [""], "8": [""], "9": [""], "11": [""]}, "executed_branches": [], "missing_branches": [[251, 252], [251, 256], [273, 274], [273, 294], [278, 279], [278, 287]]}, "QdrantMigrationTool.verify_migration": {"executed_lines": [], "summary": {"covered_lines": 0, "num_statements": 11, "percent_covered": 0.0, "percent_covered_display": "0.0", "missing_lines": 11, "excluded_lines": 0, "num_branches": 0, "num_partial_branches": 0, "covered_branches": 0, "missing_branches": 0}, "missing_lines": [310, 311, 312, 314, 315, 316, 317, 319, 321, 322, 323], "excluded_lines": [], "contexts": {"1": [""], "6": [""], "7": [""], "8": [""], "9": [""], "11": [""]}, "executed_branches": [], "missing_branches": []}, "create_chroma_storage": {"executed_lines": [], "summary": {"covered_lines": 0, "num_statements": 1, "percent_covered": 0.0, "percent_covered_display": "0.0", "missing_lines": 1, "excluded_lines": 0, "num_branches": 0, "num_partial_branches": 0, "covered_branches": 0, "missing_branches": 0}, "missing_lines": [331], "excluded_lines": [], "contexts": {"1": [""], "6": [""], "7": [""], "8": [""], "9": [""], "11": [""]}, "executed_branches": [], "missing_branches": []}, "migrate_qdrant_to_chroma": {"executed_lines": [], "summary": {"covered_lines": 0, "num_statements": 5, "percent_covered": 0.0, "percent_covered_display": "0.0", "missing_lines": 5, "excluded_lines": 0, "num_branches": 2, "num_partial_branches": 0, "covered_branches": 0, "missing_branches": 2}, "missing_lines": [338, 339, 341, 342, 344], "excluded_lines": [], "contexts": {"1": [""], "6": [""], "7": [""], "8": [""], "9": [""], "11": [""]}, "executed_branches": [], "missing_branches": [[341, 342], [341, 344]]}, "": {"executed_lines": [1, 6, 7, 8, 9, 11], "summary": {"covered_lines": 5, "num_statements": 22, "percent_covered": 22.727272727272727, "percent_covered_display": "22.7", "missing_lines": 17, "excluded_lines": 3, "num_branches": 0, "num_partial_branches": 0, "covered_branches": 0, "missing_branches": 0}, "missing_lines": [12, 15, 16, 18, 24, 27, 51, 96, 129, 138, 184, 235, 238, 246, 308, 326, 334], "excluded_lines": [19, 20, 21], "contexts": {"1": [""], "6": [""], "7": [""], "8": [""], "9": [""], "11": [""]}, "executed_branches": [], "missing_branches": []}}, "classes": {"ChromaVectorStorage": {"executed_lines": [], "summary": {"covered_lines": 0, "num_statements": 89, "percent_covered": 0.0, "percent_covered_display": "0.0", "missing_lines": 89, "excluded_lines": 0, "num_branches": 24, "num_partial_branches": 0, "covered_branches": 0, "missing_branches": 24}, "missing_lines": [32, 33, 36, 42, 43, 44, 45, 46, 49, 53, 54, 55, 56, 58, 60, 61, 62, 65, 67, 68, 69, 72, 75, 81, 82, 83, 86, 87, 90, 94, 99, 100, 106, 113, 114, 115, 116, 125, 127, 131, 132, 140, 141, 143, 145, 146, 148, 149, 151, 153, 156, 159, 169, 170, 171, 173, 174, 176, 180, 181, 182, 186, 187, 188, 190, 191, 193, 194, 199, 200, 201, 202, 203, 204, 207, 208, 209, 210, 213, 216, 217, 218, 221, 225, 227, 228, 230, 231, 232], "excluded_lines": [], "contexts": {"1": [""], "6": [""], "7": [""], "8": [""], "9": [""], "11": [""]}, "executed_branches": [], "missing_branches": [[58, 60], [58, 90], [65, 67], [65, 81], [67, 68], [67, 72], [99, 100], [99, 106], [114, 115], [114, 127], [115, 116], [115, 127], [140, 141], [140, 143], [151, 153], [151, 176], [193, 194], [193, 199], [200, 201], [200, 207], [207, 208], [207, 213], [217, 218], [217, 221]]}, "QdrantMigrationTool": {"executed_lines": [], "summary": {"covered_lines": 0, "num_statements": 41, "percent_covered": 0.0, "percent_covered_display": "0.0", "missing_lines": 41, "excluded_lines": 3, "num_branches": 6, "num_partial_branches": 0, "covered_branches": 0, "missing_branches": 6}, "missing_lines": [243, 244, 248, 250, 251, 252, 253, 256, 259, 260, 261, 263, 266, 273, 274, 277, 278, 279, 284, 287, 289, 292, 294, 295, 300, 301, 302, 304, 305, 306, 310, 311, 312, 314, 315, 316, 317, 319, 321, 322, 323], "excluded_lines": [297, 298, 299], "contexts": {"1": [""], "6": [""], "7": [""], "8": [""], "9": [""], "11": [""]}, "executed_branches": [], "missing_branches": [[251, 252], [251, 256], [273, 274], [273, 294], [278, 279], [278, 287]]}, "": {"executed_lines": [1, 6, 7, 8, 9, 11], "summary": {"covered_lines": 5, "num_statements": 28, "percent_covered": 16.666666666666668, "percent_covered_display": "16.7", "missing_lines": 23, "excluded_lines": 3, "num_branches": 2, "num_partial_branches": 0, "covered_branches": 0, "missing_branches": 2}, "missing_lines": [12, 15, 16, 18, 24, 27, 51, 96, 129, 138, 184, 235, 238, 246, 308, 326, 331, 334, 338, 339, 341, 342, 344], "excluded_lines": [19, 20, 21], "contexts": {"1": [""], "6": [""], "7": [""], "8": [""], "9": [""], "11": [""]}, "executed_branches": [], "missing_branches": [[341, 342], [341, 344]]}}}, "scripts/versioned_test_matrix.py": {"executed_lines": [], "summary": {"covered_lines": 0, "num_statements": 208, "percent_covered": 0.0, "percent_covered_display": "0.0", "missing_lines": 208, "excluded_lines": 7, "num_branches": 58, "num_partial_branches": 0, "covered_branches": 0, "missing_branches": 58}, "missing_lines": [8, 9, 10, 11, 12, 13, 14, 15, 18, 19, 22, 30, 35, 36, 37, 38, 41, 42, 43, 44, 45, 47, 48, 52, 55, 56, 57, 58, 61, 63, 65, 66, 79, 80, 81, 82, 84, 86, 87, 88, 91, 92, 93, 94, 102, 103, 104, 106, 108, 111, 112, 113, 114, 116, 118, 120, 121, 123, 127, 128, 129, 131, 162, 163, 166, 167, 182, 185, 186, 195, 200, 202, 204, 205, 206, 222, 232, 233, 235, 245, 246, 247, 248, 249, 252, 253, 256, 258, 260, 261, 263, 277, 278, 281, 282, 283, 285, 286, 287, 288, 289, 292, 293, 294, 298, 299, 302, 317, 319, 321, 322, 323, 324, 326, 327, 329, 330, 331, 332, 334, 336, 338, 339, 341, 350, 352, 353, 356, 359, 360, 361, 363, 364, 366, 367, 369, 381, 385, 386, 388, 389, 390, 391, 392, 393, 395, 397, 401, 403, 404, 407, 424, 425, 435, 436, 437, 447, 450, 451, 452, 453, 454, 455, 457, 460, 462, 464, 467, 468, 471, 472, 473, 474, 477, 480, 483, 484, 487, 489, 492, 494, 495, 496, 499, 501, 511, 512, 513, 514, 515, 517, 518, 520, 521, 522, 524, 525, 526, 527, 528, 530, 531, 532, 535, 536, 537, 540, 541], "excluded_lines": [124, 125, 126, 295, 296, 546, 547], "contexts": {}, "executed_branches": [], "missing_branches": [[41, 42], [41, 61], [44, 45], [44, 52], [65, -63], [65, 66], [87, 88], [87, 93], [91, 92], [91, 116], [93, 94], [93, 104], [102, 103], [102, 116], [104, 106], [104, 116], [185, 186], [185, 195], [277, 278], [277, 281], [287, 288], [287, 298], [292, 287], [292, 293], [293, 287], [293, 294], [298, 299], [298, 302], [322, 323], [322, 334], [326, 327], [326, 329], [352, 353], [352, 356], [388, 389], [388, 390], [390, 391], [390, 392], [392, 393], [392, 395], [403, 404], [403, 407], [435, 436], [435, 447], [450, 451], [450, 457], [494, 495], [494, 517], [495, 496], [495, 501], [517, 518], [517, 540], [520, 521], [520, 524], [530, 531], [530, 535], [535, -460], [535, 536]], "functions": {"VersionedTestMatrix.__init__": {"executed_lines": [], "summary": {"covered_lines": 0, "num_statements": 17, "percent_covered": 0.0, "percent_covered_display": "0.0", "missing_lines": 17, "excluded_lines": 0, "num_branches": 4, "num_partial_branches": 0, "covered_branches": 0, "missing_branches": 4}, "missing_lines": [35, 36, 37, 38, 41, 42, 43, 44, 45, 47, 48, 52, 55, 56, 57, 58, 61], "excluded_lines": [], "contexts": {}, "executed_branches": [], "missing_branches": [[41, 42], [41, 61], [44, 45], [44, 52]]}, "VersionedTestMatrix._initialize_csv": {"executed_lines": [], "summary": {"covered_lines": 0, "num_statements": 6, "percent_covered": 0.0, "percent_covered_display": "0.0", "missing_lines": 6, "excluded_lines": 0, "num_branches": 2, "num_partial_branches": 0, "covered_branches": 0, "missing_branches": 2}, "missing_lines": [65, 66, 79, 80, 81, 82], "excluded_lines": [], "contexts": {}, "executed_branches": [], "missing_branches": [[65, -63], [65, 66]]}, "VersionedTestMatrix._get_chrome_version": {"executed_lines": [], "summary": {"covered_lines": 0, "num_statements": 17, "percent_covered": 0.0, "percent_covered_display": "0.0", "missing_lines": 17, "excluded_lines": 0, "num_branches": 10, "num_partial_branches": 0, "covered_branches": 0, "missing_branches": 10}, "missing_lines": [86, 87, 88, 91, 92, 93, 94, 102, 103, 104, 106, 108, 111, 112, 113, 114, 116], "excluded_lines": [], "contexts": {}, "executed_branches": [], "missing_branches": [[87, 88], [87, 93], [91, 92], [91, 116], [93, 94], [93, 104], [102, 103], [102, 116], [104, 106], [104, 116]]}, "VersionedTestMatrix._get_botasaurus_version": {"executed_lines": [], "summary": {"covered_lines": 0, "num_statements": 6, "percent_covered": 0.0, "percent_covered_display": "0.0", "missing_lines": 6, "excluded_lines": 3, "num_branches": 0, "num_partial_branches": 0, "covered_branches": 0, "missing_branches": 0}, "missing_lines": [120, 121, 123, 127, 128, 129], "excluded_lines": [124, 125, 126], "contexts": {}, "executed_branches": [], "missing_branches": []}, "VersionedTestMatrix.log_test_result": {"executed_lines": [], "summary": {"covered_lines": 0, "num_statements": 9, "percent_covered": 0.0, "percent_covered_display": "0.0", "missing_lines": 9, "excluded_lines": 0, "num_branches": 2, "num_partial_branches": 0, "covered_branches": 0, "missing_branches": 2}, "missing_lines": [162, 163, 166, 167, 182, 185, 186, 195, 200], "excluded_lines": [], "contexts": {}, "executed_branches": [], "missing_branches": [[185, 186], [185, 195]]}, "VersionedTestMatrix._log_to_csv": {"executed_lines": [], "summary": {"covered_lines": 0, "num_statements": 3, "percent_covered": 0.0, "percent_covered_display": "0.0", "missing_lines": 3, "excluded_lines": 0, "num_branches": 0, "num_partial_branches": 0, "covered_branches": 0, "missing_branches": 0}, "missing_lines": [204, 205, 206], "excluded_lines": [], "contexts": {}, "executed_branches": [], "missing_branches": []}, "VersionedTestMatrix._log_to_sacred": {"executed_lines": [], "summary": {"covered_lines": 0, "num_statements": 14, "percent_covered": 0.0, "percent_covered_display": "0.0", "missing_lines": 14, "excluded_lines": 0, "num_branches": 0, "num_partial_branches": 0, "covered_branches": 0, "missing_branches": 0}, "missing_lines": [232, 233, 235, 245, 246, 247, 248, 249, 252, 253, 256, 258, 260, 261], "excluded_lines": [], "contexts": {}, "executed_branches": [], "missing_branches": []}, "VersionedTestMatrix.get_regression_analysis": {"executed_lines": [], "summary": {"covered_lines": 0, "num_statements": 17, "percent_covered": 0.0, "percent_covered_display": "0.0", "missing_lines": 17, "excluded_lines": 2, "num_branches": 10, "num_partial_branches": 0, "covered_branches": 0, "missing_branches": 10}, "missing_lines": [277, 278, 281, 282, 283, 285, 286, 287, 288, 289, 292, 293, 294, 298, 299, 302, 317], "excluded_lines": [295, 296], "contexts": {}, "executed_branches": [], "missing_branches": [[277, 278], [277, 281], [287, 288], [287, 298], [292, 287], [292, 293], [293, 287], [293, 294], [298, 299], [298, 302]]}, "VersionedTestMatrix._calculate_avg_metric": {"executed_lines": [], "summary": {"covered_lines": 0, "num_statements": 11, "percent_covered": 0.0, "percent_covered_display": "0.0", "missing_lines": 11, "excluded_lines": 0, "num_branches": 4, "num_partial_branches": 0, "covered_branches": 0, "missing_branches": 4}, "missing_lines": [321, 322, 323, 324, 326, 327, 329, 330, 331, 332, 334], "excluded_lines": [], "contexts": {}, "executed_branches": [], "missing_branches": [[322, 323], [322, 334], [326, 327], [326, 329]]}, "VersionedTestMatrix._detect_version_changes": {"executed_lines": [], "summary": {"covered_lines": 0, "num_statements": 3, "percent_covered": 0.0, "percent_covered_display": "0.0", "missing_lines": 3, "excluded_lines": 0, "num_branches": 0, "num_partial_branches": 0, "covered_branches": 0, "missing_branches": 0}, "missing_lines": [338, 339, 341], "excluded_lines": [], "contexts": {}, "executed_branches": [], "missing_branches": []}, "VersionedTestMatrix._calculate_trends": {"executed_lines": [], "summary": {"covered_lines": 0, "num_statements": 11, "percent_covered": 0.0, "percent_covered_display": "0.0", "missing_lines": 11, "excluded_lines": 0, "num_branches": 2, "num_partial_branches": 0, "covered_branches": 0, "missing_branches": 2}, "missing_lines": [352, 353, 356, 359, 360, 361, 363, 364, 366, 367, 369], "excluded_lines": [], "contexts": {}, "executed_branches": [], "missing_branches": [[352, 353], [352, 356]]}, "VersionedTestMatrix._assess_overall_trend": {"executed_lines": [], "summary": {"covered_lines": 0, "num_statements": 9, "percent_covered": 0.0, "percent_covered_display": "0.0", "missing_lines": 9, "excluded_lines": 0, "num_branches": 6, "num_partial_branches": 0, "covered_branches": 0, "missing_branches": 6}, "missing_lines": [385, 386, 388, 389, 390, 391, 392, 393, 395], "excluded_lines": [], "contexts": {}, "executed_branches": [], "missing_branches": [[388, 389], [388, 390], [390, 391], [390, 392], [392, 393], [392, 395]]}, "VersionedTestMatrix.export_analysis_report": {"executed_lines": [], "summary": {"covered_lines": 0, "num_statements": 17, "percent_covered": 0.0, "percent_covered_display": "0.0", "missing_lines": 17, "excluded_lines": 0, "num_branches": 6, "num_partial_branches": 0, "covered_branches": 0, "missing_branches": 6}, "missing_lines": [401, 403, 404, 407, 424, 425, 435, 436, 437, 447, 450, 451, 452, 453, 454, 455, 457], "excluded_lines": [], "contexts": {}, "executed_branches": [], "missing_branches": [[403, 404], [403, 407], [435, 436], [435, 447], [450, 451], [450, 457]]}, "main": {"executed_lines": [], "summary": {"covered_lines": 0, "num_statements": 43, "percent_covered": 0.0, "percent_covered_display": "0.0", "missing_lines": 43, "excluded_lines": 0, "num_branches": 12, "num_partial_branches": 0, "covered_branches": 0, "missing_branches": 12}, "missing_lines": [462, 464, 467, 468, 471, 472, 473, 474, 477, 480, 483, 484, 487, 489, 492, 494, 495, 496, 499, 501, 511, 512, 513, 514, 515, 517, 518, 520, 521, 522, 524, 525, 526, 527, 528, 530, 531, 532, 535, 536, 537, 540, 541], "excluded_lines": [], "contexts": {}, "executed_branches": [], "missing_branches": [[494, 495], [494, 517], [495, 496], [495, 501], [517, 518], [517, 540], [520, 521], [520, 524], [530, 531], [530, 535], [535, -460], [535, 536]]}, "": {"executed_lines": [], "summary": {"covered_lines": 0, "num_statements": 25, "percent_covered": 0.0, "percent_covered_display": "0.0", "missing_lines": 25, "excluded_lines": 2, "num_branches": 0, "num_partial_branches": 0, "covered_branches": 0, "missing_branches": 0}, "missing_lines": [8, 9, 10, 11, 12, 13, 14, 15, 18, 19, 22, 30, 63, 84, 118, 131, 202, 222, 263, 319, 336, 350, 381, 397, 460], "excluded_lines": [546, 547], "contexts": {}, "executed_branches": [], "missing_branches": []}}, "classes": {"VersionedTestMatrix": {"executed_lines": [], "summary": {"covered_lines": 0, "num_statements": 140, "percent_covered": 0.0, "percent_covered_display": "0.0", "missing_lines": 140, "excluded_lines": 5, "num_branches": 46, "num_partial_branches": 0, "covered_branches": 0, "missing_branches": 46}, "missing_lines": [35, 36, 37, 38, 41, 42, 43, 44, 45, 47, 48, 52, 55, 56, 57, 58, 61, 65, 66, 79, 80, 81, 82, 86, 87, 88, 91, 92, 93, 94, 102, 103, 104, 106, 108, 111, 112, 113, 114, 116, 120, 121, 123, 127, 128, 129, 162, 163, 166, 167, 182, 185, 186, 195, 200, 204, 205, 206, 232, 233, 235, 245, 246, 247, 248, 249, 252, 253, 256, 258, 260, 261, 277, 278, 281, 282, 283, 285, 286, 287, 288, 289, 292, 293, 294, 298, 299, 302, 317, 321, 322, 323, 324, 326, 327, 329, 330, 331, 332, 334, 338, 339, 341, 352, 353, 356, 359, 360, 361, 363, 364, 366, 367, 369, 385, 386, 388, 389, 390, 391, 392, 393, 395, 401, 403, 404, 407, 424, 425, 435, 436, 437, 447, 450, 451, 452, 453, 454, 455, 457], "excluded_lines": [124, 125, 126, 295, 296], "contexts": {}, "executed_branches": [], "missing_branches": [[41, 42], [41, 61], [44, 45], [44, 52], [65, -63], [65, 66], [87, 88], [87, 93], [91, 92], [91, 116], [93, 94], [93, 104], [102, 103], [102, 116], [104, 106], [104, 116], [185, 186], [185, 195], [277, 278], [277, 281], [287, 288], [287, 298], [292, 287], [292, 293], [293, 287], [293, 294], [298, 299], [298, 302], [322, 323], [322, 334], [326, 327], [326, 329], [352, 353], [352, 356], [388, 389], [388, 390], [390, 391], [390, 392], [392, 393], [392, 395], [403, 404], [403, 407], [435, 436], [435, 447], [450, 451], [450, 457]]}, "": {"executed_lines": [], "summary": {"covered_lines": 0, "num_statements": 68, "percent_covered": 0.0, "percent_covered_display": "0.0", "missing_lines": 68, "excluded_lines": 2, "num_branches": 12, "num_partial_branches": 0, "covered_branches": 0, "missing_branches": 12}, "missing_lines": [8, 9, 10, 11, 12, 13, 14, 15, 18, 19, 22, 30, 63, 84, 118, 131, 202, 222, 263, 319, 336, 350, 381, 397, 460, 462, 464, 467, 468, 471, 472, 473, 474, 477, 480, 483, 484, 487, 489, 492, 494, 495, 496, 499, 501, 511, 512, 513, 514, 515, 517, 518, 520, 521, 522, 524, 525, 526, 527, 528, 530, 531, 532, 535, 536, 537, 540, 541], "excluded_lines": [546, 547], "contexts": {}, "executed_branches": [], "missing_branches": [[494, 495], [494, 517], [495, 496], [495, 501], [517, 518], [517, 540], [520, 521], [520, 524], [530, 531], [530, 535], [535, -460], [535, 536]]}}}}, "totals": {"covered_lines": 455, "num_statements": 8740, "percent_covered": 4.306477660147138, "percent_covered_display": "4.3", "missing_lines": 8285, "excluded_lines": 344, "num_branches": 2406, "num_partial_branches": 13, "covered_branches": 25, "missing_branches": 2381}}